[2025-08-15 19:52:32.495 +00:00] [INF] [4] Main: Jellyfin version: "10.10.7"
[2025-08-15 19:52:32.553 +00:00] [INF] [4] Main: Environment Variables: ["[JELLYFIN_LOG_DIR, /config/log]", "[JELLYFIN_DATA_DIR, /config]", "[JELLYFIN_CACHE_DIR, /cache]", "[JELLYFIN_FFMPEG, /usr/lib/jellyfin-ffmpeg/ffmpeg]", "[JELLYFIN_CONFIG_DIR, /config/config]", "[JELLYFIN_WEB_DIR, /jellyfin/jellyfin-web]"]
[2025-08-15 19:52:32.558 +00:00] [INF] [4] Main: Arguments: ["/jellyfin/jellyfin.dll"]
[2025-08-15 19:52:32.560 +00:00] [INF] [4] Main: Operating system: "Debian GNU/Linux 12 (bookworm)"
[2025-08-15 19:52:32.560 +00:00] [INF] [4] Main: Architecture: X64
[2025-08-15 19:52:32.564 +00:00] [INF] [4] Main: 64-Bit Process: True
[2025-08-15 19:52:32.564 +00:00] [INF] [4] Main: User Interactive: True
[2025-08-15 19:52:32.564 +00:00] [INF] [4] Main: Processor count: 12
[2025-08-15 19:52:32.565 +00:00] [INF] [4] Main: Program data path: "/config"
[2025-08-15 19:52:32.566 +00:00] [INF] [4] Main: Log directory path: "/config/log"
[2025-08-15 19:52:32.566 +00:00] [INF] [4] Main: Config directory path: "/config/config"
[2025-08-15 19:52:32.567 +00:00] [INF] [4] Main: Cache path: "/cache"
[2025-08-15 19:52:32.568 +00:00] [INF] [4] Main: Temp directory path: "/tmp/jellyfin"
[2025-08-15 19:52:32.568 +00:00] [INF] [4] Main: Web resources path: "/jellyfin/jellyfin-web"
[2025-08-15 19:52:32.568 +00:00] [INF] [4] Main: Application directory: "/jellyfin/"
[2025-08-15 19:52:32.658 +00:00] [INF] [4] Jellyfin.Server.Migrations.MigrationRunner: Marking following migrations as applied because this is a fresh install: ["CreateNetworkConfiguration", "MigrateMusicBrainzTimeout", "MigrateNetworkConfiguration", "MigrateEncodingOptions"]
[2025-08-15 19:52:33.060 +00:00] [INF] [4] Emby.Server.Implementations.AppBase.BaseConfigurationManager: Setting cache path: "/cache"
[2025-08-15 19:52:33.287 +00:00] [INF] [4] Emby.Server.Implementations.ApplicationHost: Loading assemblies
[2025-08-15 19:52:33.525 +00:00] [INF] [4] Jellyfin.Networking.Manager.NetworkManager: Defined LAN subnets: ["127.0.0.1/8", "10.0.0.0/8", "172.16.0.0/12", "192.168.0.0/16"]
[2025-08-15 19:52:33.525 +00:00] [INF] [4] Jellyfin.Networking.Manager.NetworkManager: Defined LAN exclusions: []
[2025-08-15 19:52:33.527 +00:00] [INF] [4] Jellyfin.Networking.Manager.NetworkManager: Used LAN subnets: ["127.0.0.1/8", "10.0.0.0/8", "172.16.0.0/12", "192.168.0.0/16"]
[2025-08-15 19:52:33.530 +00:00] [INF] [4] Jellyfin.Networking.Manager.NetworkManager: Filtered interface addresses: ["127.0.0.1", "172.17.0.4"]
[2025-08-15 19:52:33.531 +00:00] [INF] [4] Jellyfin.Networking.Manager.NetworkManager: Bind Addresses ["0.0.0.0"]
[2025-08-15 19:52:33.531 +00:00] [INF] [4] Jellyfin.Networking.Manager.NetworkManager: Remote IP filter is "Allowlist"
[2025-08-15 19:52:33.532 +00:00] [INF] [4] Jellyfin.Networking.Manager.NetworkManager: Filtered subnets: []
[2025-08-15 19:52:36.645 +00:00] [INF] [4] Emby.Server.Implementations.ApplicationHost: There are pending EFCore migrations in the database. Applying... (This may take a while, do not stop Jellyfin)
[2025-08-15 19:52:37.651 +00:00] [WRN] [4] Microsoft.EntityFrameworkCore.Migrations: An operation of type '"SqlOperation"' will be attempted while a rebuild of table '"ImageInfos"' is pending. The database may not be in an expected state. Review the SQL generated by this migration to help diagnose any failures. Consider moving these operations to a subsequent migration.
[2025-08-15 19:52:37.651 +00:00] [WRN] [4] Microsoft.EntityFrameworkCore.Migrations: An operation of type '"SqlOperation"' will be attempted while a rebuild of table '"ImageInfos"' is pending. The database may not be in an expected state. Review the SQL generated by this migration to help diagnose any failures. Consider moving these operations to a subsequent migration.
[2025-08-15 19:52:37.657 +00:00] [WRN] [4] Microsoft.EntityFrameworkCore.Migrations: An operation of type '"SqlOperation"' will be attempted while a rebuild of table '"Permissions"' is pending. The database may not be in an expected state. Review the SQL generated by this migration to help diagnose any failures. Consider moving these operations to a subsequent migration.
[2025-08-15 19:52:37.658 +00:00] [WRN] [4] Microsoft.EntityFrameworkCore.Migrations: An operation of type '"SqlOperation"' will be attempted while a rebuild of table '"Permissions"' is pending. The database may not be in an expected state. Review the SQL generated by this migration to help diagnose any failures. Consider moving these operations to a subsequent migration.
[2025-08-15 19:52:37.662 +00:00] [WRN] [4] Microsoft.EntityFrameworkCore.Migrations: An operation of type '"SqlOperation"' will be attempted while a rebuild of table '"Preferences"' is pending. The database may not be in an expected state. Review the SQL generated by this migration to help diagnose any failures. Consider moving these operations to a subsequent migration.
[2025-08-15 19:52:37.663 +00:00] [WRN] [4] Microsoft.EntityFrameworkCore.Migrations: An operation of type '"SqlOperation"' will be attempted while a rebuild of table '"Preferences"' is pending. The database may not be in an expected state. Review the SQL generated by this migration to help diagnose any failures. Consider moving these operations to a subsequent migration.
[2025-08-15 19:52:37.670 +00:00] [WRN] [4] Microsoft.EntityFrameworkCore.Migrations: An operation of type '"SqlOperation"' will be attempted while a rebuild of table '"Users"' is pending. The database may not be in an expected state. Review the SQL generated by this migration to help diagnose any failures. Consider moving these operations to a subsequent migration.
[2025-08-15 19:52:37.670 +00:00] [WRN] [4] Microsoft.EntityFrameworkCore.Migrations: An operation of type '"SqlOperation"' will be attempted while a rebuild of table '"Users"' is pending. The database may not be in an expected state. Review the SQL generated by this migration to help diagnose any failures. Consider moving these operations to a subsequent migration.
[2025-08-15 19:52:38.413 +00:00] [INF] [4] Emby.Server.Implementations.ApplicationHost: EFCore migrations applied successfully
[2025-08-15 19:52:39.735 +00:00] [INF] [4] Emby.Server.Implementations.AppBase.BaseConfigurationManager: Saving system configuration
[2025-08-15 19:52:39.757 +00:00] [INF] [4] Emby.Server.Implementations.AppBase.BaseConfigurationManager: Setting cache path: "/cache"
[2025-08-15 19:52:39.767 +00:00] [INF] [4] Emby.Server.Implementations.Plugins.PluginManager: Loaded plugin: "TMDb" "10.10.7.0"
[2025-08-15 19:52:39.769 +00:00] [INF] [4] Emby.Server.Implementations.Plugins.PluginManager: Loaded plugin: "Studio Images" "10.10.7.0"
[2025-08-15 19:52:39.770 +00:00] [INF] [4] Emby.Server.Implementations.Plugins.PluginManager: Loaded plugin: "OMDb" "10.10.7.0"
[2025-08-15 19:52:39.838 +00:00] [INF] [4] Emby.Server.Implementations.Plugins.PluginManager: Loaded plugin: "MusicBrainz" "10.10.7.0"
[2025-08-15 19:52:39.839 +00:00] [INF] [4] Emby.Server.Implementations.Plugins.PluginManager: Loaded plugin: "AudioDB" "10.10.7.0"
[2025-08-15 19:52:40.060 +00:00] [INF] [4] Jellyfin.Server.Migrations.MigrationRunner: Marking following migrations as applied because this is a fresh install: ["DisableTranscodingThrottling", "CreateLoggingConfigHeirarchy", "MigrateActivityLogDatabase", "RemoveDuplicateExtras", "MigrateUserDatabase", "MigrateDisplayPreferencesDatabase", "RemoveDownloadImagesInAdvance", "MigrateAuthenticationDatabase", "FixPlaylistOwner", "MigrateRatingLevels", "FixAudioData", "RemoveDuplicatePlaylistChildren"]
[2025-08-15 19:52:40.082 +00:00] [INF] [4] Jellyfin.Server.Migrations.MigrationRunner: Applying migration '"AddDefaultPluginRepository"'
[2025-08-15 19:52:40.082 +00:00] [INF] [4] Emby.Server.Implementations.AppBase.BaseConfigurationManager: Saving system configuration
[2025-08-15 19:52:40.101 +00:00] [INF] [4] Emby.Server.Implementations.AppBase.BaseConfigurationManager: Setting cache path: "/cache"
[2025-08-15 19:52:40.102 +00:00] [INF] [4] Jellyfin.Server.Migrations.MigrationRunner: Migration '"AddDefaultPluginRepository"' applied successfully
[2025-08-15 19:52:40.118 +00:00] [INF] [4] Jellyfin.Server.Migrations.MigrationRunner: Applying migration '"ReaddDefaultPluginRepository"'
[2025-08-15 19:52:40.119 +00:00] [INF] [4] Jellyfin.Server.Migrations.MigrationRunner: Migration '"ReaddDefaultPluginRepository"' applied successfully
[2025-08-15 19:52:40.138 +00:00] [INF] [4] Jellyfin.Server.Migrations.MigrationRunner: Applying migration '"AddDefaultCastReceivers"'
[2025-08-15 19:52:40.139 +00:00] [INF] [4] Emby.Server.Implementations.AppBase.BaseConfigurationManager: Saving system configuration
[2025-08-15 19:52:40.161 +00:00] [INF] [4] Emby.Server.Implementations.AppBase.BaseConfigurationManager: Setting cache path: "/cache"
[2025-08-15 19:52:40.162 +00:00] [INF] [4] Jellyfin.Server.Migrations.MigrationRunner: Migration '"AddDefaultCastReceivers"' applied successfully
[2025-08-15 19:52:40.179 +00:00] [INF] [4] Jellyfin.Server.Migrations.MigrationRunner: Applying migration '"UpdateDefaultPluginRepository10.9"'
[2025-08-15 19:52:40.180 +00:00] [INF] [4] Emby.Server.Implementations.AppBase.BaseConfigurationManager: Saving system configuration
[2025-08-15 19:52:40.199 +00:00] [INF] [4] Emby.Server.Implementations.AppBase.BaseConfigurationManager: Setting cache path: "/cache"
[2025-08-15 19:52:40.199 +00:00] [INF] [4] Jellyfin.Server.Migrations.MigrationRunner: Migration '"UpdateDefaultPluginRepository10.9"' applied successfully
[2025-08-15 19:52:40.217 +00:00] [INF] [4] Jellyfin.Server.Migrations.MigrationRunner: Applying migration '"MoveTrickplayFiles"'
[2025-08-15 19:52:40.429 +00:00] [INF] [4] Jellyfin.Server.Migrations.Routines.MoveTrickplayFiles: Moved 0 items in 00:00:00.2103209
[2025-08-15 19:52:40.430 +00:00] [INF] [4] Jellyfin.Server.Migrations.MigrationRunner: Migration '"MoveTrickplayFiles"' applied successfully
[2025-08-15 19:52:40.527 +00:00] [INF] [4] Main: Kestrel is listening on "0.0.0.0"
[2025-08-15 19:52:40.593 +00:00] [WRN] [4] Microsoft.AspNetCore.DataProtection.KeyManagement.XmlKeyManager: No XML encryptor configured. Key {343400af-34b2-423a-8a95-82587c69a85c} may be persisted to storage in unencrypted form.
[2025-08-15 19:52:41.993 +00:00] [WRN] [4] Microsoft.AspNetCore.StaticFiles.StaticFileMiddleware: The WebRootPath was not found: "/wwwroot". Static files may be unavailable.
[2025-08-15 19:52:42.252 +00:00] [INF] [4] Emby.Server.Implementations.ApplicationHost: Running startup tasks
[2025-08-15 19:52:42.306 +00:00] [INF] [4] Emby.Server.Implementations.ScheduledTasks.TaskManager: Daily trigger for "Generate Trickplay Images" set to fire at 2025-08-16 03:00:00.000 +00:00, which is 07:07:17.6940943 from now.
[2025-08-15 19:52:42.326 +00:00] [INF] [4] Emby.Server.Implementations.ScheduledTasks.TaskManager: Daily trigger for "Extract Chapter Images" set to fire at 2025-08-16 02:00:00.000 +00:00, which is 06:07:17.6740564 from now.
[2025-08-15 19:52:42.696 +00:00] [INF] [4] MediaBrowser.MediaEncoding.Encoder.MediaEncoder: Found ffmpeg version "7.0.2"
[2025-08-15 19:52:42.788 +00:00] [INF] [4] MediaBrowser.MediaEncoding.Encoder.MediaEncoder: Available "decoders": ["libdav1d", "av1", "av1_cuvid", "av1_qsv", "h264", "h264_qsv", "h264_cuvid", "hevc", "hevc_qsv", "hevc_cuvid", "mpeg2video", "mpeg2_qsv", "mpeg2_cuvid", "mpeg4", "mpeg4_cuvid", "msmpeg4", "vc1_qsv", "vc1_cuvid", "vp8", "libvpx", "vp8_cuvid", "vp8_qsv", "vp9", "libvpx-vp9", "vp9_cuvid", "vp9_qsv", "aac", "ac3", "ac4", "dca", "flac", "mp3", "truehd"]
[2025-08-15 19:52:42.812 +00:00] [INF] [4] MediaBrowser.MediaEncoding.Encoder.MediaEncoder: Available "encoders": ["libsvtav1", "av1_nvenc", "av1_qsv", "av1_amf", "av1_vaapi", "libx264", "h264_amf", "h264_nvenc", "h264_qsv", "h264_v4l2m2m", "h264_vaapi", "libx265", "hevc_amf", "hevc_nvenc", "hevc_qsv", "hevc_vaapi", "mjpeg_qsv", "mjpeg_vaapi", "aac", "libfdk_aac", "ac3", "alac", "dca", "flac", "libmp3lame", "libopus", "truehd", "libvorbis", "srt"]
[2025-08-15 19:52:42.849 +00:00] [INF] [4] MediaBrowser.MediaEncoding.Encoder.MediaEncoder: Available filters: ["bwdif_cuda", "deinterlace_qsv", "deinterlace_vaapi", "flip_vulkan", "hwupload_cuda", "hwupload_vaapi", "libplacebo", "overlay_opencl", "overlay_qsv", "overlay_vaapi", "overlay_vulkan", "overlay_cuda", "procamp_vaapi", "scale_cuda", "scale_opencl", "scale_qsv", "scale_vaapi", "scale_vulkan", "tonemapx", "tonemap_cuda", "tonemap_opencl", "tonemap_vaapi", "transpose_cuda", "transpose_opencl", "transpose_vaapi", "transpose_vulkan", "vpp_qsv", "yadif_cuda", "zscale", "alphasrc"]
[2025-08-15 19:52:43.063 +00:00] [INF] [4] MediaBrowser.MediaEncoding.Encoder.MediaEncoder: Available hwaccel types: ["cuda", "vaapi", "qsv", "drm", "opencl", "vulkan"]
[2025-08-15 19:52:45.348 +00:00] [INF] [11] Emby.Server.Implementations.ScheduledTasks.TaskManager: "Clean up collections and playlists" Completed after 0 minute(s) and 0 seconds
[2025-08-15 19:52:45.351 +00:00] [INF] [12] Emby.Server.Implementations.ScheduledTasks.TaskManager: "Clean Transcode Directory" Completed after 0 minute(s) and 0 seconds
[2025-08-15 19:52:46.644 +00:00] [ERR] [17] Emby.Server.Implementations.Updates.InstallationManager: An error occurred while accessing the plugin manifest: "https://repo.jellyfin.org/files/plugin/manifest.json"
System.Net.Http.HttpRequestException: The SSL connection could not be established, see inner exception.
 ---> System.Security.Authentication.AuthenticationException: The remote certificate is invalid because of errors in the certificate chain: PartialChain
   at System.Net.Security.SslStream.SendAuthResetSignal(ReadOnlySpan`1 alert, ExceptionDispatchInfo exception)
   at System.Net.Security.SslStream.CompleteHandshake(SslAuthenticationOptions sslAuthenticationOptions)
   at System.Net.Security.SslStream.ForceAuthenticationAsync[TIOAdapter](Boolean receiveFirst, Byte[] reAuthenticationData, CancellationToken cancellationToken)
   at System.Net.Http.ConnectHelper.EstablishSslConnectionAsync(SslClientAuthenticationOptions sslOptions, HttpRequestMessage request, Boolean async, Stream stream, CancellationToken cancellationToken)
   --- End of inner exception stack trace ---
   at System.Net.Http.ConnectHelper.EstablishSslConnectionAsync(SslClientAuthenticationOptions sslOptions, HttpRequestMessage request, Boolean async, Stream stream, CancellationToken cancellationToken)
   at System.Net.Http.HttpConnectionPool.ConnectAsync(HttpRequestMessage request, Boolean async, CancellationToken cancellationToken)
   at System.Net.Http.HttpConnectionPool.CreateHttp11ConnectionAsync(HttpRequestMessage request, Boolean async, CancellationToken cancellationToken)
   at System.Net.Http.HttpConnectionPool.AddHttp11ConnectionAsync(QueueItem queueItem)
   at System.Threading.Tasks.TaskCompletionSourceWithCancellation`1.WaitWithCancellationAsync(CancellationToken cancellationToken)
   at System.Net.Http.HttpConnectionPool.SendWithVersionDetectionAndRetryAsync(HttpRequestMessage request, Boolean async, Boolean doRequestAuth, CancellationToken cancellationToken)
   at System.Net.Http.RedirectHandler.SendAsync(HttpRequestMessage request, Boolean async, CancellationToken cancellationToken)
   at System.Net.Http.DecompressionHandler.SendAsync(HttpRequestMessage request, Boolean async, CancellationToken cancellationToken)
   at Microsoft.Extensions.Http.Logging.LoggingHttpMessageHandler.<SendCoreAsync>g__Core|5_0(HttpRequestMessage request, Boolean useAsync, CancellationToken cancellationToken)
   at Microsoft.Extensions.Http.Logging.LoggingScopeHttpMessageHandler.<SendCoreAsync>g__Core|5_0(HttpRequestMessage request, Boolean useAsync, CancellationToken cancellationToken)
   at System.Net.Http.HttpClient.<SendAsync>g__Core|83_0(HttpRequestMessage request, HttpCompletionOption completionOption, CancellationTokenSource cts, Boolean disposeCts, CancellationTokenSource pendingRequestsCts, CancellationToken originalCancellationToken)
   at System.Net.Http.Json.HttpClientJsonExtensions.<FromJsonAsyncCore>g__Core|12_0[TValue,TJsonOptions](HttpClient client, Task`1 responseTask, Boolean usingResponseHeadersRead, CancellationTokenSource linkedCTS, Func`4 deserializeMethod, TJsonOptions jsonOptions, CancellationToken cancellationToken)
   at Emby.Server.Implementations.Updates.InstallationManager.GetPackages(String manifestName, String manifest, Boolean filterIncompatible, CancellationToken cancellationToken)
[2025-08-15 19:52:46.668 +00:00] [INF] [17] Emby.Server.Implementations.ScheduledTasks.TaskManager: "Update Plugins" Completed after 0 minute(s) and 1 seconds
[2025-08-15 19:53:08.161 +00:00] [INF] [4] MediaBrowser.MediaEncoding.Encoder.MediaEncoder: FFmpeg: "/usr/lib/jellyfin-ffmpeg/ffmpeg"
[2025-08-15 19:53:08.175 +00:00] [INF] [4] Emby.Server.Implementations.ApplicationHost: ServerId: "7ba717cf9c0b4b6aa92aae0b5e396d3c"
[2025-08-15 19:53:08.176 +00:00] [INF] [4] Emby.Server.Implementations.ApplicationHost: Core startup complete
[2025-08-15 19:53:08.176 +00:00] [INF] [4] Main: Startup complete 0:00:36.4502184
[2025-08-15 19:53:39.297 +00:00] [INF] [12] Emby.Server.Implementations.AppBase.BaseConfigurationManager: Saving system configuration
[2025-08-15 19:53:39.314 +00:00] [INF] [12] Emby.Server.Implementations.AppBase.BaseConfigurationManager: Setting cache path: "/cache"
[2025-08-15 19:53:39.315 +00:00] [INF] [27] Jellyfin.Networking.PortForwardingHost: Stopping NAT discovery
[2025-08-15 19:53:39.362 +00:00] [WRN] [12] Jellyfin.Server.Implementations.Users.UserManager: No users, creating one with username "root"
[2025-08-15 19:55:50.608 +00:00] [ERR] [32] Jellyfin.Api.Middleware.ExceptionMiddleware: Error processing request: "Could not find a part of the path '/media/movies'". URL "GET" "/Environment/DirectoryContents".
[2025-08-15 19:56:21.487 +00:00] [ERR] [19] Jellyfin.Api.Middleware.ExceptionMiddleware: Error processing request: "Could not find a part of the path '/media/Movies'". URL "GET" "/Environment/DirectoryContents".
[2025-08-15 19:56:46.855 +00:00] [INF] [29] Emby.Server.Implementations.AppBase.BaseConfigurationManager: Saving system configuration
[2025-08-15 19:56:46.877 +00:00] [INF] [29] Emby.Server.Implementations.AppBase.BaseConfigurationManager: Setting cache path: "/cache"
[2025-08-15 19:57:16.481 +00:00] [INF] [31] Jellyfin.Networking.Manager.NetworkManager: Defined LAN subnets: ["127.0.0.1/8", "10.0.0.0/8", "172.16.0.0/12", "192.168.0.0/16"]
[2025-08-15 19:57:16.481 +00:00] [INF] [31] Jellyfin.Networking.Manager.NetworkManager: Defined LAN exclusions: []
[2025-08-15 19:57:16.481 +00:00] [INF] [31] Jellyfin.Networking.Manager.NetworkManager: Used LAN subnets: ["127.0.0.1/8", "10.0.0.0/8", "172.16.0.0/12", "192.168.0.0/16"]
[2025-08-15 19:57:16.482 +00:00] [INF] [31] Jellyfin.Networking.Manager.NetworkManager: Filtered interface addresses: ["127.0.0.1", "172.17.0.4"]
[2025-08-15 19:57:16.482 +00:00] [INF] [31] Jellyfin.Networking.Manager.NetworkManager: Bind Addresses ["0.0.0.0"]
[2025-08-15 19:57:16.482 +00:00] [INF] [31] Jellyfin.Networking.Manager.NetworkManager: Remote IP filter is "Allowlist"
[2025-08-15 19:57:16.482 +00:00] [INF] [31] Jellyfin.Networking.Manager.NetworkManager: Filtered subnets: []
[2025-08-15 19:57:25.786 +00:00] [INF] [31] Emby.Server.Implementations.AppBase.BaseConfigurationManager: Saving system configuration
[2025-08-15 19:57:25.802 +00:00] [INF] [31] Emby.Server.Implementations.AppBase.BaseConfigurationManager: Setting cache path: "/cache"
[2025-08-15 19:57:25.810 +00:00] [INF] [3] Emby.Server.Implementations.Library.LibraryManager: Validating media library
[2025-08-15 19:57:26.175 +00:00] [WRN] [3] MediaBrowser.Controller.Entities.BaseItem: Library folder "/media" is inaccessible or empty, skipping
[2025-08-15 19:57:26.188 +00:00] [WRN] [3] MediaBrowser.Controller.Entities.BaseItem: Library folder "/config/data/playlists" is inaccessible or empty, skipping
[2025-08-15 19:57:26.764 +00:00] [WRN] [19] MediaBrowser.Controller.Entities.BaseItem: Library folder "/media" is inaccessible or empty, skipping
[2025-08-15 19:57:26.767 +00:00] [WRN] [19] MediaBrowser.Controller.Entities.BaseItem: Library folder "/config/data/playlists" is inaccessible or empty, skipping
[2025-08-15 19:57:26.893 +00:00] [INF] [31] Emby.Server.Implementations.ScheduledTasks.TaskManager: "Scan Media Library" Completed after 0 minute(s) and 1 seconds
[2025-08-15 19:57:35.204 +00:00] [INF] [27] Jellyfin.Server.Implementations.Users.UserManager: Authentication request for "root" has succeeded.
[2025-08-15 19:57:35.205 +00:00] [INF] [27] Emby.Server.Implementations.Session.SessionManager: Current/Max sessions for user "root": 0/0
[2025-08-15 19:57:35.207 +00:00] [INF] [27] Emby.Server.Implementations.Session.SessionManager: Creating new access token for user 0ce5e6bc-7614-4f7b-a034-d3ca3c4db3a7
[2025-08-15 19:57:35.386 +00:00] [INF] [25] Emby.Server.Implementations.HttpServer.WebSocketManager: WS "172.17.0.1" request
[2025-08-15 20:03:23.382 +00:00] [INF] [20] Emby.Server.Implementations.Session.SessionWebSocketListener: Sending ForceKeepAlive message to 1 inactive WebSockets.
[2025-08-15 20:07:35.986 +00:00] [INF] [35] Emby.Server.Implementations.Library.LibraryManager: Validating media library
[2025-08-15 20:07:36.034 +00:00] [WRN] [35] MediaBrowser.Controller.Entities.BaseItem: Library folder "/media" is inaccessible or empty, skipping
[2025-08-15 20:07:36.037 +00:00] [WRN] [35] MediaBrowser.Controller.Entities.BaseItem: Library folder "/config/data/playlists" is inaccessible or empty, skipping
[2025-08-15 20:07:36.151 +00:00] [WRN] [20] MediaBrowser.Controller.Entities.BaseItem: Library folder "/media" is inaccessible or empty, skipping
[2025-08-15 20:07:36.154 +00:00] [WRN] [20] MediaBrowser.Controller.Entities.BaseItem: Library folder "/config/data/playlists" is inaccessible or empty, skipping
[2025-08-15 20:07:36.164 +00:00] [INF] [41] Emby.Server.Implementations.ScheduledTasks.TaskManager: "Scan Media Library" Completed after 0 minute(s) and 0 seconds
[2025-08-15 20:11:29.090 +00:00] [INF] [23] Jellyfin.Server.Implementations.Users.UserManager: Authentication request for "root" has succeeded.
[2025-08-15 20:11:29.091 +00:00] [INF] [23] Emby.Server.Implementations.Session.SessionManager: Current/Max sessions for user "root": 1/0
[2025-08-15 20:11:29.091 +00:00] [INF] [23] Emby.Server.Implementations.Session.SessionManager: Creating new access token for user 0ce5e6bc-7614-4f7b-a034-d3ca3c4db3a7
[2025-08-15 20:11:29.144 +00:00] [INF] [6] Emby.Server.Implementations.HttpServer.WebSocketManager: WS "172.17.0.1" request
[2025-08-15 20:12:11.347 +00:00] [INF] [22] Emby.Server.Implementations.Session.SessionWebSocketListener: Sending ForceKeepAlive message to 1 inactive WebSockets.
[2025-08-15 20:15:23.339 +00:00] [INF] [37] Emby.Server.Implementations.Session.SessionWebSocketListener: Sending ForceKeepAlive message to 1 inactive WebSockets.
[2025-08-15 20:15:59.337 +00:00] [INF] [37] Emby.Server.Implementations.Session.SessionWebSocketListener: Sending ForceKeepAlive message to 1 inactive WebSockets.
[2025-08-15 20:19:11.323 +00:00] [INF] [32] Emby.Server.Implementations.Session.SessionWebSocketListener: Sending ForceKeepAlive message to 1 inactive WebSockets.
[2025-08-15 20:20:35.317 +00:00] [INF] [29] Emby.Server.Implementations.Session.SessionWebSocketListener: Sending ForceKeepAlive message to 1 inactive WebSockets.
[2025-08-15 20:22:59.307 +00:00] [INF] [28] Emby.Server.Implementations.Session.SessionWebSocketListener: Sending ForceKeepAlive message to 1 inactive WebSockets.
[2025-08-15 20:24:23.302 +00:00] [INF] [28] Emby.Server.Implementations.Session.SessionWebSocketListener: Sending ForceKeepAlive message to 1 inactive WebSockets.
[2025-08-15 20:27:35.290 +00:00] [INF] [26] Emby.Server.Implementations.Session.SessionWebSocketListener: Sending ForceKeepAlive message to 1 inactive WebSockets.
[2025-08-15 20:28:11.291 +00:00] [INF] [12] Emby.Server.Implementations.Session.SessionWebSocketListener: Sending ForceKeepAlive message to 1 inactive WebSockets.
[2025-08-15 20:30:23.406 +00:00] [INF] [12] Jellyfin.Server.Implementations.Users.UserManager: Authentication request for "root" has succeeded.
[2025-08-15 20:30:23.406 +00:00] [INF] [12] Emby.Server.Implementations.Session.SessionManager: Current/Max sessions for user "root": 2/0
[2025-08-15 20:30:23.406 +00:00] [INF] [12] Emby.Server.Implementations.Session.SessionManager: Creating new access token for user 0ce5e6bc-7614-4f7b-a034-d3ca3c4db3a7
[2025-08-15 20:31:23.276 +00:00] [INF] [43] Emby.Server.Implementations.Session.SessionWebSocketListener: Sending ForceKeepAlive message to 1 inactive WebSockets.
[2025-08-15 20:31:59.273 +00:00] [INF] [48] Emby.Server.Implementations.Session.SessionWebSocketListener: Sending ForceKeepAlive message to 1 inactive WebSockets.
[2025-08-15 20:35:11.264 +00:00] [INF] [51] Emby.Server.Implementations.Session.SessionWebSocketListener: Sending ForceKeepAlive message to 1 inactive WebSockets.
[2025-08-15 20:36:35.259 +00:00] [INF] [48] Emby.Server.Implementations.Session.SessionWebSocketListener: Sending ForceKeepAlive message to 1 inactive WebSockets.
[2025-08-15 20:38:59.248 +00:00] [INF] [48] Emby.Server.Implementations.Session.SessionWebSocketListener: Sending ForceKeepAlive message to 1 inactive WebSockets.
[2025-08-15 20:40:23.241 +00:00] [INF] [46] Emby.Server.Implementations.Session.SessionWebSocketListener: Sending ForceKeepAlive message to 1 inactive WebSockets.
[2025-08-15 20:43:35.231 +00:00] [INF] [27] Emby.Server.Implementations.Session.SessionWebSocketListener: Sending ForceKeepAlive message to 1 inactive WebSockets.
[2025-08-15 20:44:11.232 +00:00] [INF] [47] Emby.Server.Implementations.Session.SessionWebSocketListener: Sending ForceKeepAlive message to 1 inactive WebSockets.
[2025-08-15 20:47:23.220 +00:00] [INF] [6] Emby.Server.Implementations.Session.SessionWebSocketListener: Sending ForceKeepAlive message to 1 inactive WebSockets.
[2025-08-15 20:47:59.215 +00:00] [INF] [6] Emby.Server.Implementations.Session.SessionWebSocketListener: Sending ForceKeepAlive message to 1 inactive WebSockets.
[2025-08-15 20:51:11.206 +00:00] [INF] [29] Emby.Server.Implementations.Session.SessionWebSocketListener: Sending ForceKeepAlive message to 1 inactive WebSockets.
[2025-08-15 20:52:35.200 +00:00] [INF] [55] Emby.Server.Implementations.Session.SessionWebSocketListener: Sending ForceKeepAlive message to 1 inactive WebSockets.
[2025-08-15 20:52:42.094 +00:00] [INF] [16] Emby.Server.Implementations.ScheduledTasks.TaskManager: "Download missing subtitles" Completed after 0 minute(s) and 0 seconds
[2025-08-15 20:52:42.106 +00:00] [INF] [55] Emby.Server.Implementations.ScheduledTasks.TaskManager: "Audio Normalization" Completed after 0 minute(s) and 0 seconds
[2025-08-15 20:52:42.108 +00:00] [INF] [39] Emby.Server.Implementations.ScheduledTasks.TaskManager: "Download missing lyrics" Completed after 0 minute(s) and 0 seconds
[2025-08-15 20:52:42.200 +00:00] [INF] [16] Emby.Server.Implementations.ScheduledTasks.TaskManager: "Clean Transcode Directory" Completed after 0 minute(s) and 0 seconds
[2025-08-15 20:52:42.203 +00:00] [INF] [19] Emby.Server.Implementations.Library.LibraryManager: Validating media library
[2025-08-15 20:52:42.204 +00:00] [INF] [58] Emby.Server.Implementations.ScheduledTasks.TaskManager: "Clean Cache Directory" Completed after 0 minute(s) and 0 seconds
[2025-08-15 20:52:42.205 +00:00] [INF] [57] Emby.Server.Implementations.ScheduledTasks.TaskManager: "Clean Log Directory" Completed after 0 minute(s) and 0 seconds
[2025-08-15 20:52:42.205 +00:00] [INF] [38] Emby.Server.Implementations.ScheduledTasks.Tasks.OptimizeDatabaseTask: Optimizing and vacuuming jellyfin.db...
[2025-08-15 20:52:42.205 +00:00] [INF] [59] Emby.Server.Implementations.ScheduledTasks.TaskManager: "Media Segment Scan" Completed after 0 minute(s) and 0 seconds
[2025-08-15 20:52:42.235 +00:00] [INF] [28] Emby.Server.Implementations.ScheduledTasks.TaskManager: "TasksRefreshChannels" Completed after 0 minute(s) and 0 seconds
[2025-08-15 20:52:42.263 +00:00] [INF] [29] Emby.Server.Implementations.Library.LibraryManager: People validation complete
[2025-08-15 20:52:42.263 +00:00] [INF] [29] Emby.Server.Implementations.ScheduledTasks.TaskManager: "Refresh People" Completed after 0 minute(s) and 0 seconds
[2025-08-15 20:52:42.346 +00:00] [INF] [38] Emby.Server.Implementations.ScheduledTasks.Tasks.OptimizeDatabaseTask: jellyfin.db optimized successfully!
[2025-08-15 20:52:42.346 +00:00] [INF] [38] Emby.Server.Implementations.ScheduledTasks.TaskManager: "Optimize database" Completed after 0 minute(s) and 0 seconds
[2025-08-15 20:52:42.418 +00:00] [WRN] [19] MediaBrowser.Controller.Entities.BaseItem: Library folder "/media" is inaccessible or empty, skipping
[2025-08-15 20:52:42.421 +00:00] [WRN] [19] MediaBrowser.Controller.Entities.BaseItem: Library folder "/config/data/playlists" is inaccessible or empty, skipping
[2025-08-15 20:52:42.586 +00:00] [WRN] [33] MediaBrowser.Controller.Entities.BaseItem: Library folder "/media" is inaccessible or empty, skipping
[2025-08-15 20:52:42.588 +00:00] [WRN] [33] MediaBrowser.Controller.Entities.BaseItem: Library folder "/config/data/playlists" is inaccessible or empty, skipping
[2025-08-15 20:52:42.598 +00:00] [INF] [19] Emby.Server.Implementations.ScheduledTasks.TaskManager: "Scan Media Library" Completed after 0 minute(s) and 0 seconds
[2025-08-15 20:52:42.685 +00:00] [ERR] [31] Emby.Server.Implementations.Updates.InstallationManager: An error occurred while accessing the plugin manifest: "https://repo.jellyfin.org/files/plugin/manifest.json"
System.Net.Http.HttpRequestException: The SSL connection could not be established, see inner exception.
 ---> System.Security.Authentication.AuthenticationException: The remote certificate is invalid because of errors in the certificate chain: PartialChain
   at System.Net.Security.SslStream.SendAuthResetSignal(ReadOnlySpan`1 alert, ExceptionDispatchInfo exception)
   at System.Net.Security.SslStream.CompleteHandshake(SslAuthenticationOptions sslAuthenticationOptions)
   at System.Net.Security.SslStream.ForceAuthenticationAsync[TIOAdapter](Boolean receiveFirst, Byte[] reAuthenticationData, CancellationToken cancellationToken)
   at System.Net.Http.ConnectHelper.EstablishSslConnectionAsync(SslClientAuthenticationOptions sslOptions, HttpRequestMessage request, Boolean async, Stream stream, CancellationToken cancellationToken)
   --- End of inner exception stack trace ---
   at System.Net.Http.ConnectHelper.EstablishSslConnectionAsync(SslClientAuthenticationOptions sslOptions, HttpRequestMessage request, Boolean async, Stream stream, CancellationToken cancellationToken)
   at System.Net.Http.HttpConnectionPool.ConnectAsync(HttpRequestMessage request, Boolean async, CancellationToken cancellationToken)
   at System.Net.Http.HttpConnectionPool.CreateHttp11ConnectionAsync(HttpRequestMessage request, Boolean async, CancellationToken cancellationToken)
   at System.Net.Http.HttpConnectionPool.AddHttp11ConnectionAsync(QueueItem queueItem)
   at System.Threading.Tasks.TaskCompletionSourceWithCancellation`1.WaitWithCancellationAsync(CancellationToken cancellationToken)
   at System.Net.Http.HttpConnectionPool.SendWithVersionDetectionAndRetryAsync(HttpRequestMessage request, Boolean async, Boolean doRequestAuth, CancellationToken cancellationToken)
   at System.Net.Http.RedirectHandler.SendAsync(HttpRequestMessage request, Boolean async, CancellationToken cancellationToken)
   at System.Net.Http.DecompressionHandler.SendAsync(HttpRequestMessage request, Boolean async, CancellationToken cancellationToken)
   at Microsoft.Extensions.Http.Logging.LoggingHttpMessageHandler.<SendCoreAsync>g__Core|5_0(HttpRequestMessage request, Boolean useAsync, CancellationToken cancellationToken)
   at Microsoft.Extensions.Http.Logging.LoggingScopeHttpMessageHandler.<SendCoreAsync>g__Core|5_0(HttpRequestMessage request, Boolean useAsync, CancellationToken cancellationToken)
   at System.Net.Http.HttpClient.<SendAsync>g__Core|83_0(HttpRequestMessage request, HttpCompletionOption completionOption, CancellationTokenSource cts, Boolean disposeCts, CancellationTokenSource pendingRequestsCts, CancellationToken originalCancellationToken)
   at System.Net.Http.Json.HttpClientJsonExtensions.<FromJsonAsyncCore>g__Core|12_0[TValue,TJsonOptions](HttpClient client, Task`1 responseTask, Boolean usingResponseHeadersRead, CancellationTokenSource linkedCTS, Func`4 deserializeMethod, TJsonOptions jsonOptions, CancellationToken cancellationToken)
   at Emby.Server.Implementations.Updates.InstallationManager.GetPackages(String manifestName, String manifest, Boolean filterIncompatible, CancellationToken cancellationToken)
[2025-08-15 20:52:42.688 +00:00] [INF] [31] Emby.Server.Implementations.ScheduledTasks.TaskManager: "Update Plugins" Completed after 0 minute(s) and 0 seconds
[2025-08-15 20:52:45.404 +00:00] [INF] [19] Jellyfin.LiveTv.Guide.GuideManager: Refreshing guide with 7 days of guide data
[2025-08-15 20:52:45.410 +00:00] [INF] [19] Emby.Server.Implementations.ScheduledTasks.TaskManager: "Refresh Guide" Completed after 0 minute(s) and 3 seconds
[2025-08-15 20:54:59.194 +00:00] [INF] [17] Emby.Server.Implementations.Session.SessionWebSocketListener: Sending ForceKeepAlive message to 1 inactive WebSockets.
[2025-08-15 20:56:23.186 +00:00] [INF] [30] Emby.Server.Implementations.Session.SessionWebSocketListener: Sending ForceKeepAlive message to 1 inactive WebSockets.
[2025-08-15 20:59:35.179 +00:00] [INF] [46] Emby.Server.Implementations.Session.SessionWebSocketListener: Sending ForceKeepAlive message to 1 inactive WebSockets.
[2025-08-15 21:00:11.173 +00:00] [INF] [54] Emby.Server.Implementations.Session.SessionWebSocketListener: Sending ForceKeepAlive message to 1 inactive WebSockets.
[2025-08-15 21:03:23.167 +00:00] [INF] [53] Emby.Server.Implementations.Session.SessionWebSocketListener: Sending ForceKeepAlive message to 1 inactive WebSockets.
[2025-08-15 21:05:35.158 +00:00] [INF] [53] Emby.Server.Implementations.Session.SessionWebSocketListener: Sending ForceKeepAlive message to 1 inactive WebSockets.
[2025-08-15 21:06:34.870 +00:00] [INF] [37] Emby.Server.Implementations.Session.SessionManager: Sending shutdown notifications
[2025-08-15 21:06:34.886 +00:00] [INF] [36] Emby.Server.Implementations.HttpServer.WebSocketManager: WS "172.17.0.1" closed
[2025-08-15 21:06:34.891 +00:00] [INF] [3] Emby.Server.Implementations.HttpServer.WebSocketManager: WS "172.17.0.1" closed
[2025-08-15 21:06:34.915 +00:00] [INF] [53] Jellyfin.Networking.PortForwardingHost: Stopping NAT discovery
[2025-08-15 21:06:34.936 +00:00] [INF] [22] Main: Running query planner optimizations in the database... This might take a while
[2025-08-15 21:06:35.139 +00:00] [INF] [22] Emby.Server.Implementations.ApplicationHost: Disposing "CoreAppHost"
[2025-08-15 21:06:35.139 +00:00] [INF] [22] Emby.Server.Implementations.ApplicationHost: Disposing "MusicBrainzArtistProvider"
[2025-08-15 21:06:35.143 +00:00] [INF] [22] Emby.Server.Implementations.ApplicationHost: Disposing "MusicBrainzAlbumProvider"
[2025-08-15 21:06:35.144 +00:00] [INF] [22] Emby.Server.Implementations.ApplicationHost: Disposing "PluginManager"
