2025-08-21T14:37:27.244Z [info]: Commit Tag: $GIT_SHA 
2025-08-21T14:37:30.618Z [info]: Starting Jellyseerr version 2.7.3 
2025-08-21T14:37:46.064Z [debug][Settings Migrator]: Checking migration '0001_migrate_hostname.js'... 
2025-08-21T14:37:46.081Z [debug][Settings Migrator]: Checking migration '0002_migrate_apitokens.js'... 
2025-08-21T14:37:46.085Z [debug][Settings Migrator]: Checking migration '0003_emby_media_server_type.js'... 
2025-08-21T14:37:46.088Z [debug][Settings Migrator]: Checking migration '0004_migrate_region_setting.js'... 
2025-08-21T14:37:46.090Z [debug][Settings Migrator]: Checking migration '0005_migrate_network_settings.js'... 
2025-08-21T14:37:46.092Z [debug][Settings Migrator]: Checking migration '0006_remove_lunasea.js'... 
2025-08-21T14:37:46.109Z [info][Notifications]: Registered notification agents 
2025-08-21T14:37:46.218Z [info][Jobs]: Scheduled jobs loaded 
2025-08-21T14:37:46.586Z [info][Server]: Server ready on port 5055 
2025-08-21T14:38:00.011Z [debug][Jobs]: Starting scheduled job: Download Sync 
2025-08-21T14:39:00.012Z [debug][Jobs]: Starting scheduled job: Download Sync 
2025-08-21T14:40:00.013Z [debug][Jobs]: Starting scheduled job: Download Sync 
2025-08-21T14:40:00.032Z [info][Jobs]: Starting scheduled job: Jellyfin Recently Added Scan 
2025-08-21T14:40:00.036Z [info][Jellyfin Sync]: Jellyfin Sync Starting {"sessionId":"16cbc4a2-0573-47cb-9a6a-210fdaec7760"}
2025-08-21T14:40:00.065Z [info][Jellyfin Sync]: Beginning to process recently added for library: Movies 
2025-08-21T14:40:00.079Z [error][Jellyfin API]: Something went wrong while getting library content from the Jellyfin server: connect ECONNREFUSED 172.17.0.4:8096 {}
2025-08-21T14:40:00.080Z [error][Jellyfin Sync]: Sync interrupted {"errorMessage":""}
2025-08-21T14:41:00.014Z [debug][Jobs]: Starting scheduled job: Download Sync 
2025-08-21T14:42:00.009Z [debug][Jobs]: Starting scheduled job: Download Sync 
2025-08-21T14:43:00.008Z [debug][Jobs]: Starting scheduled job: Download Sync 
2025-08-21T14:44:00.010Z [debug][Jobs]: Starting scheduled job: Download Sync 
2025-08-21T14:45:00.013Z [debug][Jobs]: Starting scheduled job: Download Sync 
2025-08-21T14:45:00.026Z [info][Jobs]: Starting scheduled job: Jellyfin Recently Added Scan 
2025-08-21T14:45:00.028Z [info][Jellyfin Sync]: Jellyfin Sync Starting {"sessionId":"eae25e5a-94df-4167-8495-e91e7080f7bb"}
2025-08-21T14:45:00.041Z [info][Jellyfin Sync]: Beginning to process recently added for library: Movies 
2025-08-21T14:45:00.045Z [error][Jellyfin API]: Something went wrong while getting library content from the Jellyfin server: connect ECONNREFUSED 172.17.0.4:8096 {}
2025-08-21T14:45:00.045Z [error][Jellyfin Sync]: Sync interrupted {"errorMessage":""}
2025-08-21T14:46:00.011Z [debug][Jobs]: Starting scheduled job: Download Sync 
2025-08-21T14:47:00.016Z [debug][Jobs]: Starting scheduled job: Download Sync 
2025-08-21T14:48:00.011Z [debug][Jobs]: Starting scheduled job: Download Sync 
2025-08-21T14:49:00.015Z [debug][Jobs]: Starting scheduled job: Download Sync 
2025-08-21T14:50:00.009Z [debug][Jobs]: Starting scheduled job: Download Sync 
2025-08-21T14:50:00.018Z [info][Jobs]: Starting scheduled job: Jellyfin Recently Added Scan 
2025-08-21T14:50:00.019Z [info][Jellyfin Sync]: Jellyfin Sync Starting {"sessionId":"15c96e61-3a65-4246-97ac-90db31ddcc26"}
2025-08-21T14:50:00.040Z [info][Jellyfin Sync]: Beginning to process recently added for library: Movies 
2025-08-21T14:50:00.044Z [error][Jellyfin API]: Something went wrong while getting library content from the Jellyfin server: connect ECONNREFUSED 172.17.0.4:8096 {}
2025-08-21T14:50:00.045Z [error][Jellyfin Sync]: Sync interrupted {"errorMessage":""}
2025-08-21T14:51:00.014Z [debug][Jobs]: Starting scheduled job: Download Sync 
2025-08-21T14:52:00.013Z [debug][Jobs]: Starting scheduled job: Download Sync 
2025-08-21T14:53:00.006Z [debug][Jobs]: Starting scheduled job: Download Sync 
2025-08-21T14:54:00.015Z [debug][Jobs]: Starting scheduled job: Download Sync 
2025-08-21T14:55:00.017Z [debug][Jobs]: Starting scheduled job: Download Sync 
2025-08-21T14:55:00.042Z [info][Jobs]: Starting scheduled job: Jellyfin Recently Added Scan 
2025-08-21T14:55:00.045Z [info][Jellyfin Sync]: Jellyfin Sync Starting {"sessionId":"e33bc8a0-4f58-4cbb-957e-9ca7e41f875d"}
2025-08-21T14:55:00.063Z [info][Jellyfin Sync]: Beginning to process recently added for library: Movies 
2025-08-21T14:55:00.067Z [error][Jellyfin API]: Something went wrong while getting library content from the Jellyfin server: connect ECONNREFUSED 172.17.0.4:8096 {}
2025-08-21T14:55:00.069Z [error][Jellyfin Sync]: Sync interrupted {"errorMessage":""}
2025-08-21T14:56:00.016Z [debug][Jobs]: Starting scheduled job: Download Sync 
2025-08-21T14:57:00.014Z [debug][Jobs]: Starting scheduled job: Download Sync 
2025-08-21T14:58:00.012Z [debug][Jobs]: Starting scheduled job: Download Sync 
2025-08-21T14:59:00.007Z [debug][Jobs]: Starting scheduled job: Download Sync 
2025-08-21T15:00:00.011Z [debug][Jobs]: Starting scheduled job: Download Sync 
2025-08-21T15:00:00.022Z [info][Jobs]: Starting scheduled job: Jellyfin Recently Added Scan 
2025-08-21T15:00:00.023Z [info][Jellyfin Sync]: Jellyfin Sync Starting {"sessionId":"f476d340-5981-4580-941e-2879893c3866"}
2025-08-21T15:00:00.034Z [info][Jellyfin Sync]: Beginning to process recently added for library: Movies 
2025-08-21T15:00:00.037Z [error][Jellyfin API]: Something went wrong while getting library content from the Jellyfin server: connect ECONNREFUSED 172.17.0.4:8096 {}
2025-08-21T15:00:00.037Z [error][Jellyfin Sync]: Sync interrupted {"errorMessage":""}
2025-08-21T15:01:00.002Z [debug][Jobs]: Starting scheduled job: Download Sync 
2025-08-21T15:02:00.005Z [debug][Jobs]: Starting scheduled job: Download Sync 
2025-08-21T15:03:00.002Z [debug][Jobs]: Starting scheduled job: Download Sync 
2025-08-21T15:04:00.008Z [debug][Jobs]: Starting scheduled job: Download Sync 
2025-08-21T15:05:00.013Z [debug][Jobs]: Starting scheduled job: Download Sync 
2025-08-21T15:05:00.024Z [info][Jobs]: Starting scheduled job: Jellyfin Recently Added Scan 
2025-08-21T15:05:00.026Z [info][Jellyfin Sync]: Jellyfin Sync Starting {"sessionId":"a6364b3c-b5ea-4eb5-8467-c60059759891"}
2025-08-21T15:05:00.046Z [info][Jellyfin Sync]: Beginning to process recently added for library: Movies 
2025-08-21T15:05:00.049Z [error][Jellyfin API]: Something went wrong while getting library content from the Jellyfin server: connect ECONNREFUSED 172.17.0.4:8096 {}
2025-08-21T15:05:00.049Z [error][Jellyfin Sync]: Sync interrupted {"errorMessage":""}
2025-08-21T15:06:00.003Z [debug][Jobs]: Starting scheduled job: Download Sync 
2025-08-21T15:07:00.002Z [debug][Jobs]: Starting scheduled job: Download Sync 
2025-08-21T15:08:00.006Z [debug][Jobs]: Starting scheduled job: Download Sync 
2025-08-21T15:09:00.011Z [debug][Jobs]: Starting scheduled job: Download Sync 
2025-08-21T15:10:00.010Z [debug][Jobs]: Starting scheduled job: Download Sync 
2025-08-21T15:10:00.013Z [info][Jobs]: Starting scheduled job: Jellyfin Recently Added Scan 
2025-08-21T15:10:00.014Z [info][Jellyfin Sync]: Jellyfin Sync Starting {"sessionId":"aedb6524-7e62-4f6d-aa64-8f0e17f8f2c7"}
2025-08-21T15:10:00.026Z [info][Jellyfin Sync]: Beginning to process recently added for library: Movies 
2025-08-21T15:10:00.029Z [error][Jellyfin API]: Something went wrong while getting library content from the Jellyfin server: connect ECONNREFUSED 172.17.0.4:8096 {}
2025-08-21T15:10:00.030Z [error][Jellyfin Sync]: Sync interrupted {"errorMessage":""}
2025-08-21T15:11:00.010Z [debug][Jobs]: Starting scheduled job: Download Sync 
2025-08-21T15:12:00.011Z [debug][Jobs]: Starting scheduled job: Download Sync 
2025-08-21T15:13:00.004Z [debug][Jobs]: Starting scheduled job: Download Sync 
2025-08-21T15:14:00.011Z [debug][Jobs]: Starting scheduled job: Download Sync 
2025-08-21T15:15:00.002Z [debug][Jobs]: Starting scheduled job: Download Sync 
2025-08-21T15:15:00.013Z [info][Jobs]: Starting scheduled job: Jellyfin Recently Added Scan 
2025-08-21T15:15:00.014Z [info][Jellyfin Sync]: Jellyfin Sync Starting {"sessionId":"d006d5ac-c281-46fd-8d39-6add3adae24f"}
2025-08-21T15:15:00.030Z [info][Jellyfin Sync]: Beginning to process recently added for library: Movies 
2025-08-21T15:15:00.036Z [error][Jellyfin API]: Something went wrong while getting library content from the Jellyfin server: connect ECONNREFUSED 172.17.0.4:8096 {}
2025-08-21T15:15:00.037Z [error][Jellyfin Sync]: Sync interrupted {"errorMessage":""}
2025-08-21T15:16:00.021Z [debug][Jobs]: Starting scheduled job: Download Sync 
2025-08-21T15:17:00.012Z [debug][Jobs]: Starting scheduled job: Download Sync 
2025-08-21T15:18:00.004Z [debug][Jobs]: Starting scheduled job: Download Sync 
2025-08-21T15:19:00.007Z [debug][Jobs]: Starting scheduled job: Download Sync 
2025-08-21T15:20:00.003Z [debug][Jobs]: Starting scheduled job: Download Sync 
2025-08-21T15:20:00.010Z [info][Jobs]: Starting scheduled job: Jellyfin Recently Added Scan 
2025-08-21T15:20:00.011Z [info][Jellyfin Sync]: Jellyfin Sync Starting {"sessionId":"eae3a25d-0e4c-457c-80fa-37cec4940007"}
2025-08-21T15:20:00.026Z [info][Jellyfin Sync]: Beginning to process recently added for library: Movies 
2025-08-21T15:20:00.030Z [error][Jellyfin API]: Something went wrong while getting library content from the Jellyfin server: connect ECONNREFUSED 172.17.0.4:8096 {}
2025-08-21T15:20:00.031Z [error][Jellyfin Sync]: Sync interrupted {"errorMessage":""}
2025-08-21T15:21:00.013Z [debug][Jobs]: Starting scheduled job: Download Sync 
2025-08-21T15:22:00.011Z [debug][Jobs]: Starting scheduled job: Download Sync 
2025-08-21T15:23:00.012Z [debug][Jobs]: Starting scheduled job: Download Sync 
2025-08-21T15:24:00.011Z [debug][Jobs]: Starting scheduled job: Download Sync 
2025-08-21T15:25:00.005Z [debug][Jobs]: Starting scheduled job: Download Sync 
2025-08-21T15:25:00.018Z [info][Jobs]: Starting scheduled job: Jellyfin Recently Added Scan 
2025-08-21T15:25:00.020Z [info][Jellyfin Sync]: Jellyfin Sync Starting {"sessionId":"9a741473-5f6c-4324-b5ba-8c206ccf92bb"}
2025-08-21T15:25:00.039Z [info][Jellyfin Sync]: Beginning to process recently added for library: Movies 
2025-08-21T15:25:00.044Z [error][Jellyfin API]: Something went wrong while getting library content from the Jellyfin server: connect ECONNREFUSED 172.17.0.4:8096 {}
2025-08-21T15:25:00.045Z [error][Jellyfin Sync]: Sync interrupted {"errorMessage":""}
2025-08-21T15:26:00.002Z [debug][Jobs]: Starting scheduled job: Download Sync 
2025-08-21T15:27:00.013Z [debug][Jobs]: Starting scheduled job: Download Sync 
2025-08-21T15:28:00.003Z [debug][Jobs]: Starting scheduled job: Download Sync 
2025-08-21T15:29:00.002Z [debug][Jobs]: Starting scheduled job: Download Sync 
2025-08-21T15:30:00.006Z [debug][Jobs]: Starting scheduled job: Download Sync 
2025-08-21T15:30:00.016Z [info][Jobs]: Starting scheduled job: Jellyfin Recently Added Scan 
2025-08-21T15:30:00.017Z [info][Jellyfin Sync]: Jellyfin Sync Starting {"sessionId":"ff3d6a16-14af-4bac-b197-cc7aa046c376"}
2025-08-21T15:30:00.028Z [info][Jellyfin Sync]: Beginning to process recently added for library: Movies 
2025-08-21T15:30:00.031Z [error][Jellyfin API]: Something went wrong while getting library content from the Jellyfin server: connect ECONNREFUSED 172.17.0.4:8096 {}
2025-08-21T15:30:00.033Z [error][Jellyfin Sync]: Sync interrupted {"errorMessage":""}
2025-08-21T15:31:00.007Z [debug][Jobs]: Starting scheduled job: Download Sync 
2025-08-21T15:32:00.010Z [debug][Jobs]: Starting scheduled job: Download Sync 
2025-08-21T15:33:00.015Z [debug][Jobs]: Starting scheduled job: Download Sync 
2025-08-21T15:34:00.014Z [debug][Jobs]: Starting scheduled job: Download Sync 
2025-08-21T15:35:00.014Z [debug][Jobs]: Starting scheduled job: Download Sync 
2025-08-21T15:35:00.036Z [info][Jobs]: Starting scheduled job: Jellyfin Recently Added Scan 
2025-08-21T15:35:00.037Z [info][Jellyfin Sync]: Jellyfin Sync Starting {"sessionId":"d025e9b9-b381-43ee-a36b-92095ce07b79"}
2025-08-21T15:35:00.070Z [info][Jellyfin Sync]: Beginning to process recently added for library: Movies 
2025-08-21T15:35:00.075Z [error][Jellyfin API]: Something went wrong while getting library content from the Jellyfin server: connect ECONNREFUSED 172.17.0.4:8096 {}
2025-08-21T15:35:00.076Z [error][Jellyfin Sync]: Sync interrupted {"errorMessage":""}
2025-08-21T15:36:00.017Z [debug][Jobs]: Starting scheduled job: Download Sync 
2025-08-21T15:37:00.016Z [debug][Jobs]: Starting scheduled job: Download Sync 
2025-08-21T15:38:00.015Z [debug][Jobs]: Starting scheduled job: Download Sync 
2025-08-21T15:39:00.017Z [debug][Jobs]: Starting scheduled job: Download Sync 
2025-08-21T15:40:00.017Z [debug][Jobs]: Starting scheduled job: Download Sync 
2025-08-21T15:40:00.024Z [info][Jobs]: Starting scheduled job: Jellyfin Recently Added Scan 
2025-08-21T15:40:00.026Z [info][Jellyfin Sync]: Jellyfin Sync Starting {"sessionId":"89a42b56-a57a-46a2-8e78-1e33c8421a75"}
2025-08-21T15:40:00.038Z [info][Jellyfin Sync]: Beginning to process recently added for library: Movies 
2025-08-21T15:40:00.041Z [error][Jellyfin API]: Something went wrong while getting library content from the Jellyfin server: connect ECONNREFUSED 172.17.0.4:8096 {}
2025-08-21T15:40:00.042Z [error][Jellyfin Sync]: Sync interrupted {"errorMessage":""}
2025-08-21T15:41:00.008Z [debug][Jobs]: Starting scheduled job: Download Sync 
2025-08-21T15:42:00.012Z [debug][Jobs]: Starting scheduled job: Download Sync 
2025-08-21T15:43:00.010Z [debug][Jobs]: Starting scheduled job: Download Sync 
2025-08-21T15:44:00.006Z [debug][Jobs]: Starting scheduled job: Download Sync 
2025-08-21T15:45:00.014Z [debug][Jobs]: Starting scheduled job: Download Sync 
2025-08-21T15:45:00.022Z [info][Jobs]: Starting scheduled job: Jellyfin Recently Added Scan 
2025-08-21T15:45:00.023Z [info][Jellyfin Sync]: Jellyfin Sync Starting {"sessionId":"117ab35d-8d65-4bdd-acb7-c2af203aa082"}
2025-08-21T15:45:00.031Z [info][Jellyfin Sync]: Beginning to process recently added for library: Movies 
2025-08-21T15:45:00.035Z [error][Jellyfin API]: Something went wrong while getting library content from the Jellyfin server: connect ECONNREFUSED 172.17.0.4:8096 {}
2025-08-21T15:45:00.036Z [error][Jellyfin Sync]: Sync interrupted {"errorMessage":""}
2025-08-21T15:46:00.016Z [debug][Jobs]: Starting scheduled job: Download Sync 
2025-08-21T15:47:00.015Z [debug][Jobs]: Starting scheduled job: Download Sync 
2025-08-21T15:48:00.011Z [debug][Jobs]: Starting scheduled job: Download Sync 
2025-08-21T15:49:00.018Z [debug][Jobs]: Starting scheduled job: Download Sync 
2025-08-21T15:50:00.012Z [debug][Jobs]: Starting scheduled job: Download Sync 
2025-08-21T15:50:00.035Z [info][Jobs]: Starting scheduled job: Jellyfin Recently Added Scan 
2025-08-21T15:50:00.037Z [info][Jellyfin Sync]: Jellyfin Sync Starting {"sessionId":"9fa6bb6f-3533-4987-bf9b-7cbc04ceb847"}
2025-08-21T15:50:00.050Z [info][Jellyfin Sync]: Beginning to process recently added for library: Movies 
2025-08-21T15:50:00.053Z [error][Jellyfin API]: Something went wrong while getting library content from the Jellyfin server: connect ECONNREFUSED 172.17.0.4:8096 {}
2025-08-21T15:50:00.054Z [error][Jellyfin Sync]: Sync interrupted {"errorMessage":""}
2025-08-21T15:51:00.015Z [debug][Jobs]: Starting scheduled job: Download Sync 
2025-08-21T15:52:00.004Z [debug][Jobs]: Starting scheduled job: Download Sync 
2025-08-21T15:53:00.012Z [debug][Jobs]: Starting scheduled job: Download Sync 
2025-08-21T15:54:00.003Z [debug][Jobs]: Starting scheduled job: Download Sync 
2025-08-21T15:55:00.009Z [debug][Jobs]: Starting scheduled job: Download Sync 
2025-08-21T15:55:00.039Z [info][Jobs]: Starting scheduled job: Jellyfin Recently Added Scan 
2025-08-21T15:55:00.040Z [info][Jellyfin Sync]: Jellyfin Sync Starting {"sessionId":"d3768995-0e90-4d6d-b8be-167df0fe2cd3"}
2025-08-21T15:55:00.060Z [info][Jellyfin Sync]: Beginning to process recently added for library: Movies 
2025-08-21T15:55:00.067Z [error][Jellyfin API]: Something went wrong while getting library content from the Jellyfin server: connect ECONNREFUSED 172.17.0.4:8096 {}
2025-08-21T15:55:00.070Z [error][Jellyfin Sync]: Sync interrupted {"errorMessage":""}
2025-08-21T15:56:00.004Z [debug][Jobs]: Starting scheduled job: Download Sync 
2025-08-21T15:57:00.014Z [debug][Jobs]: Starting scheduled job: Download Sync 
2025-08-21T15:58:00.014Z [debug][Jobs]: Starting scheduled job: Download Sync 
2025-08-21T15:59:00.008Z [debug][Jobs]: Starting scheduled job: Download Sync 
2025-08-21T16:00:00.014Z [debug][Jobs]: Starting scheduled job: Download Sync 
2025-08-21T16:00:00.027Z [info][Jobs]: Starting scheduled job: Jellyfin Recently Added Scan 
2025-08-21T16:00:00.028Z [info][Jellyfin Sync]: Jellyfin Sync Starting {"sessionId":"eb1a3b73-ec13-4237-8ca6-6cbe3ce2f546"}
2025-08-21T16:00:00.040Z [info][Jellyfin Sync]: Beginning to process recently added for library: Movies 
2025-08-21T16:00:00.043Z [error][Jellyfin API]: Something went wrong while getting library content from the Jellyfin server: connect ECONNREFUSED 172.17.0.4:8096 {}
2025-08-21T16:00:00.044Z [error][Jellyfin Sync]: Sync interrupted {"errorMessage":""}
2025-08-21T16:01:00.016Z [debug][Jobs]: Starting scheduled job: Download Sync 
2025-08-21T16:02:00.006Z [debug][Jobs]: Starting scheduled job: Download Sync 
2025-08-21T16:03:00.010Z [debug][Jobs]: Starting scheduled job: Download Sync 
2025-08-21T16:04:00.004Z [debug][Jobs]: Starting scheduled job: Download Sync 
2025-08-21T16:05:00.018Z [debug][Jobs]: Starting scheduled job: Download Sync 
2025-08-21T16:05:00.031Z [info][Jobs]: Starting scheduled job: Jellyfin Recently Added Scan 
2025-08-21T16:05:00.032Z [info][Jellyfin Sync]: Jellyfin Sync Starting {"sessionId":"3d05a03e-19c1-46cf-bdea-178f8fde3298"}
2025-08-21T16:05:00.048Z [info][Jellyfin Sync]: Beginning to process recently added for library: Movies 
2025-08-21T16:05:00.051Z [error][Jellyfin API]: Something went wrong while getting library content from the Jellyfin server: connect ECONNREFUSED 172.17.0.4:8096 {}
2025-08-21T16:05:00.051Z [error][Jellyfin Sync]: Sync interrupted {"errorMessage":""}
2025-08-21T16:06:00.002Z [debug][Jobs]: Starting scheduled job: Download Sync 
2025-08-21T16:07:00.001Z [debug][Jobs]: Starting scheduled job: Download Sync 
2025-08-21T16:08:00.016Z [debug][Jobs]: Starting scheduled job: Download Sync 
2025-08-21T16:09:00.004Z [debug][Jobs]: Starting scheduled job: Download Sync 
2025-08-21T16:10:00.014Z [debug][Jobs]: Starting scheduled job: Download Sync 
2025-08-21T16:10:00.026Z [info][Jobs]: Starting scheduled job: Jellyfin Recently Added Scan 
2025-08-21T16:10:00.027Z [info][Jellyfin Sync]: Jellyfin Sync Starting {"sessionId":"3aeb7b53-75db-4dbf-ba6f-33a5863be704"}
2025-08-21T16:10:00.045Z [info][Jellyfin Sync]: Beginning to process recently added for library: Movies 
2025-08-21T16:10:00.050Z [error][Jellyfin API]: Something went wrong while getting library content from the Jellyfin server: connect ECONNREFUSED 172.17.0.4:8096 {}
2025-08-21T16:10:00.052Z [error][Jellyfin Sync]: Sync interrupted {"errorMessage":""}
2025-08-21T16:11:00.006Z [debug][Jobs]: Starting scheduled job: Download Sync 
2025-08-21T16:12:00.020Z [debug][Jobs]: Starting scheduled job: Download Sync 
2025-08-21T16:13:00.013Z [debug][Jobs]: Starting scheduled job: Download Sync 
2025-08-21T16:14:00.013Z [debug][Jobs]: Starting scheduled job: Download Sync 
2025-08-21T16:15:00.006Z [debug][Jobs]: Starting scheduled job: Download Sync 
2025-08-21T16:15:00.011Z [info][Jobs]: Starting scheduled job: Jellyfin Recently Added Scan 
2025-08-21T16:15:00.012Z [info][Jellyfin Sync]: Jellyfin Sync Starting {"sessionId":"5c797089-1730-4982-afb1-cc8fc91e8e25"}
2025-08-21T16:15:00.024Z [info][Jellyfin Sync]: Beginning to process recently added for library: Movies 
2025-08-21T16:15:00.028Z [error][Jellyfin API]: Something went wrong while getting library content from the Jellyfin server: connect ECONNREFUSED 172.17.0.4:8096 {}
2025-08-21T16:15:00.029Z [error][Jellyfin Sync]: Sync interrupted {"errorMessage":""}
2025-08-21T16:16:00.007Z [debug][Jobs]: Starting scheduled job: Download Sync 
2025-08-21T16:17:00.012Z [debug][Jobs]: Starting scheduled job: Download Sync 
2025-08-21T16:18:00.009Z [debug][Jobs]: Starting scheduled job: Download Sync 
2025-08-21T16:19:00.016Z [debug][Jobs]: Starting scheduled job: Download Sync 
2025-08-21T16:20:00.013Z [debug][Jobs]: Starting scheduled job: Download Sync 
2025-08-21T16:20:00.027Z [info][Jobs]: Starting scheduled job: Jellyfin Recently Added Scan 
2025-08-21T16:20:00.028Z [info][Jellyfin Sync]: Jellyfin Sync Starting {"sessionId":"a55e0d3b-0efd-4356-9114-c94c1098b008"}
2025-08-21T16:20:00.043Z [info][Jellyfin Sync]: Beginning to process recently added for library: Movies 
2025-08-21T16:20:00.046Z [error][Jellyfin API]: Something went wrong while getting library content from the Jellyfin server: connect ECONNREFUSED 172.17.0.4:8096 {}
2025-08-21T16:20:00.047Z [error][Jellyfin Sync]: Sync interrupted {"errorMessage":""}
2025-08-21T16:21:00.004Z [debug][Jobs]: Starting scheduled job: Download Sync 
2025-08-21T16:22:00.003Z [debug][Jobs]: Starting scheduled job: Download Sync 
2025-08-21T16:23:00.001Z [debug][Jobs]: Starting scheduled job: Download Sync 
2025-08-21T16:24:00.006Z [debug][Jobs]: Starting scheduled job: Download Sync 
2025-08-21T16:25:00.009Z [debug][Jobs]: Starting scheduled job: Download Sync 
2025-08-21T16:25:00.015Z [info][Jobs]: Starting scheduled job: Jellyfin Recently Added Scan 
2025-08-21T16:25:00.015Z [info][Jellyfin Sync]: Jellyfin Sync Starting {"sessionId":"e170f4b6-f92e-4e1b-a835-f594088618ae"}
2025-08-21T16:25:00.030Z [info][Jellyfin Sync]: Beginning to process recently added for library: Movies 
2025-08-21T16:25:00.033Z [error][Jellyfin API]: Something went wrong while getting library content from the Jellyfin server: connect ECONNREFUSED 172.17.0.4:8096 {}
2025-08-21T16:25:00.035Z [error][Jellyfin Sync]: Sync interrupted {"errorMessage":""}
2025-08-21T16:26:00.012Z [debug][Jobs]: Starting scheduled job: Download Sync 
2025-08-21T16:27:00.007Z [debug][Jobs]: Starting scheduled job: Download Sync 
2025-08-21T16:28:00.014Z [debug][Jobs]: Starting scheduled job: Download Sync 
2025-08-21T16:29:00.012Z [debug][Jobs]: Starting scheduled job: Download Sync 
2025-08-21T16:30:00.013Z [debug][Jobs]: Starting scheduled job: Download Sync 
2025-08-21T16:30:00.021Z [info][Jobs]: Starting scheduled job: Jellyfin Recently Added Scan 
2025-08-21T16:30:00.022Z [info][Jellyfin Sync]: Jellyfin Sync Starting {"sessionId":"f0a9f5cb-803a-483a-b89b-8d0794a0ba8b"}
2025-08-21T16:30:00.039Z [info][Jellyfin Sync]: Beginning to process recently added for library: Movies 
2025-08-21T16:30:00.043Z [error][Jellyfin API]: Something went wrong while getting library content from the Jellyfin server: connect ECONNREFUSED 172.17.0.4:8096 {}
2025-08-21T16:30:00.044Z [error][Jellyfin Sync]: Sync interrupted {"errorMessage":""}
2025-08-21T16:31:00.009Z [debug][Jobs]: Starting scheduled job: Download Sync 
2025-08-21T16:32:00.011Z [debug][Jobs]: Starting scheduled job: Download Sync 
2025-08-21T16:33:00.011Z [debug][Jobs]: Starting scheduled job: Download Sync 
2025-08-21T16:34:00.012Z [debug][Jobs]: Starting scheduled job: Download Sync 
2025-08-21T16:35:00.011Z [debug][Jobs]: Starting scheduled job: Download Sync 
2025-08-21T16:35:00.022Z [info][Jobs]: Starting scheduled job: Jellyfin Recently Added Scan 
2025-08-21T16:35:00.023Z [info][Jellyfin Sync]: Jellyfin Sync Starting {"sessionId":"f380efda-8f80-4dea-939b-5335c1c4cb52"}
2025-08-21T16:35:00.046Z [info][Jellyfin Sync]: Beginning to process recently added for library: Movies 
2025-08-21T16:35:00.051Z [error][Jellyfin API]: Something went wrong while getting library content from the Jellyfin server: connect ECONNREFUSED 172.17.0.4:8096 {}
2025-08-21T16:35:00.053Z [error][Jellyfin Sync]: Sync interrupted {"errorMessage":""}
2025-08-21T16:36:00.011Z [debug][Jobs]: Starting scheduled job: Download Sync 
2025-08-21T16:37:00.006Z [debug][Jobs]: Starting scheduled job: Download Sync 
2025-08-21T16:38:00.015Z [debug][Jobs]: Starting scheduled job: Download Sync 
2025-08-21T16:39:00.014Z [debug][Jobs]: Starting scheduled job: Download Sync 
2025-08-21T16:40:00.011Z [debug][Jobs]: Starting scheduled job: Download Sync 
2025-08-21T16:40:00.022Z [info][Jobs]: Starting scheduled job: Jellyfin Recently Added Scan 
2025-08-21T16:40:00.024Z [info][Jellyfin Sync]: Jellyfin Sync Starting {"sessionId":"d23ddd0a-1e69-4a77-9993-3cf20cc102be"}
2025-08-21T16:40:00.044Z [info][Jellyfin Sync]: Beginning to process recently added for library: Movies 
2025-08-21T16:40:00.051Z [error][Jellyfin API]: Something went wrong while getting library content from the Jellyfin server: connect ECONNREFUSED 172.17.0.4:8096 {}
2025-08-21T16:40:00.053Z [error][Jellyfin Sync]: Sync interrupted {"errorMessage":""}
2025-08-21T16:41:00.006Z [debug][Jobs]: Starting scheduled job: Download Sync 
2025-08-21T16:42:00.015Z [debug][Jobs]: Starting scheduled job: Download Sync 
2025-08-21T16:43:00.013Z [debug][Jobs]: Starting scheduled job: Download Sync 
2025-08-21T16:44:00.013Z [debug][Jobs]: Starting scheduled job: Download Sync 
2025-08-21T16:45:00.012Z [debug][Jobs]: Starting scheduled job: Download Sync 
2025-08-21T16:45:00.017Z [info][Jobs]: Starting scheduled job: Jellyfin Recently Added Scan 
2025-08-21T16:45:00.017Z [info][Jellyfin Sync]: Jellyfin Sync Starting {"sessionId":"922fcf88-f040-44c4-be8a-11ce9818112b"}
2025-08-21T16:45:00.038Z [info][Jellyfin Sync]: Beginning to process recently added for library: Movies 
2025-08-21T16:45:00.042Z [error][Jellyfin API]: Something went wrong while getting library content from the Jellyfin server: connect ECONNREFUSED 172.17.0.4:8096 {}
2025-08-21T16:45:00.042Z [error][Jellyfin Sync]: Sync interrupted {"errorMessage":""}
2025-08-21T16:46:00.013Z [debug][Jobs]: Starting scheduled job: Download Sync 
2025-08-21T16:47:00.008Z [debug][Jobs]: Starting scheduled job: Download Sync 
2025-08-21T16:48:00.016Z [debug][Jobs]: Starting scheduled job: Download Sync 
2025-08-21T16:49:00.014Z [debug][Jobs]: Starting scheduled job: Download Sync 
2025-08-21T16:50:00.006Z [debug][Jobs]: Starting scheduled job: Download Sync 
2025-08-21T16:50:00.014Z [info][Jobs]: Starting scheduled job: Jellyfin Recently Added Scan 
2025-08-21T16:50:00.014Z [info][Jellyfin Sync]: Jellyfin Sync Starting {"sessionId":"6b0c9e5d-e8c9-4980-a3f1-b341daa3dd09"}
2025-08-21T16:50:00.035Z [info][Jellyfin Sync]: Beginning to process recently added for library: Movies 
2025-08-21T16:50:00.040Z [error][Jellyfin API]: Something went wrong while getting library content from the Jellyfin server: connect ECONNREFUSED 172.17.0.4:8096 {}
2025-08-21T16:50:00.042Z [error][Jellyfin Sync]: Sync interrupted {"errorMessage":""}
2025-08-21T16:51:00.015Z [debug][Jobs]: Starting scheduled job: Download Sync 
2025-08-21T16:52:00.006Z [debug][Jobs]: Starting scheduled job: Download Sync 
2025-08-21T16:53:00.003Z [debug][Jobs]: Starting scheduled job: Download Sync 
2025-08-21T16:54:00.007Z [debug][Jobs]: Starting scheduled job: Download Sync 
2025-08-21T16:55:00.019Z [debug][Jobs]: Starting scheduled job: Download Sync 
2025-08-21T16:55:00.030Z [info][Jobs]: Starting scheduled job: Jellyfin Recently Added Scan 
2025-08-21T16:55:00.031Z [info][Jellyfin Sync]: Jellyfin Sync Starting {"sessionId":"f595cc22-261c-4115-94b5-0c56bb7351ae"}
2025-08-21T16:55:00.053Z [info][Jellyfin Sync]: Beginning to process recently added for library: Movies 
2025-08-21T16:55:00.062Z [error][Jellyfin API]: Something went wrong while getting library content from the Jellyfin server: connect ECONNREFUSED 172.17.0.4:8096 {}
2025-08-21T16:55:00.063Z [error][Jellyfin Sync]: Sync interrupted {"errorMessage":""}
2025-08-21T16:56:00.002Z [debug][Jobs]: Starting scheduled job: Download Sync 
2025-08-21T16:57:00.013Z [debug][Jobs]: Starting scheduled job: Download Sync 
2025-08-21T16:58:00.014Z [debug][Jobs]: Starting scheduled job: Download Sync 
2025-08-21T16:59:00.012Z [debug][Jobs]: Starting scheduled job: Download Sync 
2025-08-21T17:00:00.002Z [debug][Jobs]: Starting scheduled job: Download Sync 
2025-08-21T17:00:00.011Z [info][Jobs]: Starting scheduled job: Jellyfin Recently Added Scan 
2025-08-21T17:00:00.012Z [info][Jellyfin Sync]: Jellyfin Sync Starting {"sessionId":"43068534-2cdd-4aba-ae7e-40ecbe1c14bd"}
2025-08-21T17:00:00.040Z [info][Jellyfin Sync]: Beginning to process recently added for library: Movies 
2025-08-21T17:00:00.043Z [error][Jellyfin API]: Something went wrong while getting library content from the Jellyfin server: connect ECONNREFUSED 172.17.0.4:8096 {}
2025-08-21T17:00:00.044Z [error][Jellyfin Sync]: Sync interrupted {"errorMessage":""}
2025-08-21T17:01:00.010Z [debug][Jobs]: Starting scheduled job: Download Sync 
2025-08-21T17:02:00.011Z [debug][Jobs]: Starting scheduled job: Download Sync 
2025-08-21T17:03:00.004Z [debug][Jobs]: Starting scheduled job: Download Sync 
2025-08-21T17:04:00.003Z [debug][Jobs]: Starting scheduled job: Download Sync 
2025-08-21T17:05:00.011Z [debug][Jobs]: Starting scheduled job: Download Sync 
2025-08-21T17:05:00.016Z [info][Jobs]: Starting scheduled job: Jellyfin Recently Added Scan 
2025-08-21T17:05:00.016Z [info][Jellyfin Sync]: Jellyfin Sync Starting {"sessionId":"1e5d240d-9052-4d5c-81bf-22d71641a667"}
2025-08-21T17:05:00.060Z [info][Jellyfin Sync]: Beginning to process recently added for library: Movies 
2025-08-21T17:05:00.064Z [error][Jellyfin API]: Something went wrong while getting library content from the Jellyfin server: connect ECONNREFUSED 172.17.0.4:8096 {}
2025-08-21T17:05:00.064Z [error][Jellyfin Sync]: Sync interrupted {"errorMessage":""}
2025-08-21T17:06:00.011Z [debug][Jobs]: Starting scheduled job: Download Sync 
2025-08-21T17:07:00.012Z [debug][Jobs]: Starting scheduled job: Download Sync 
2025-08-21T17:08:00.008Z [debug][Jobs]: Starting scheduled job: Download Sync 
2025-08-21T17:09:00.016Z [debug][Jobs]: Starting scheduled job: Download Sync 
2025-08-21T17:10:00.002Z [debug][Jobs]: Starting scheduled job: Download Sync 
2025-08-21T17:10:00.019Z [info][Jobs]: Starting scheduled job: Jellyfin Recently Added Scan 
2025-08-21T17:10:00.019Z [info][Jellyfin Sync]: Jellyfin Sync Starting {"sessionId":"852e7c12-ad24-4532-8cad-3b52d7fc4dc4"}
2025-08-21T17:10:00.029Z [info][Jellyfin Sync]: Beginning to process recently added for library: Movies 
2025-08-21T17:10:00.031Z [error][Jellyfin API]: Something went wrong while getting library content from the Jellyfin server: connect ECONNREFUSED 172.17.0.4:8096 {}
2025-08-21T17:10:00.032Z [error][Jellyfin Sync]: Sync interrupted {"errorMessage":""}
2025-08-21T17:11:00.022Z [debug][Jobs]: Starting scheduled job: Download Sync 
2025-08-21T17:12:00.023Z [debug][Jobs]: Starting scheduled job: Download Sync 
2025-08-21T17:13:00.011Z [debug][Jobs]: Starting scheduled job: Download Sync 
2025-08-21T17:14:00.007Z [debug][Jobs]: Starting scheduled job: Download Sync 
2025-08-21T17:15:00.011Z [debug][Jobs]: Starting scheduled job: Download Sync 
2025-08-21T17:15:00.021Z [info][Jobs]: Starting scheduled job: Jellyfin Recently Added Scan 
2025-08-21T17:15:00.022Z [info][Jellyfin Sync]: Jellyfin Sync Starting {"sessionId":"f2f5da7f-3fb7-40df-81c9-079ec7eb5e78"}
2025-08-21T17:15:00.039Z [info][Jellyfin Sync]: Beginning to process recently added for library: Movies 
2025-08-21T17:15:00.042Z [error][Jellyfin API]: Something went wrong while getting library content from the Jellyfin server: connect ECONNREFUSED 172.17.0.4:8096 {}
2025-08-21T17:15:00.044Z [error][Jellyfin Sync]: Sync interrupted {"errorMessage":""}
2025-08-21T17:16:00.007Z [debug][Jobs]: Starting scheduled job: Download Sync 
2025-08-21T17:17:00.003Z [debug][Jobs]: Starting scheduled job: Download Sync 
2025-08-21T17:18:00.004Z [debug][Jobs]: Starting scheduled job: Download Sync 
2025-08-21T17:19:00.004Z [debug][Jobs]: Starting scheduled job: Download Sync 
2025-08-21T17:20:00.008Z [debug][Jobs]: Starting scheduled job: Download Sync 
2025-08-21T17:20:00.018Z [info][Jobs]: Starting scheduled job: Jellyfin Recently Added Scan 
2025-08-21T17:20:00.019Z [info][Jellyfin Sync]: Jellyfin Sync Starting {"sessionId":"f2350177-20d8-4dcc-a13d-73a095b38507"}
2025-08-21T17:20:00.037Z [info][Jellyfin Sync]: Beginning to process recently added for library: Movies 
2025-08-21T17:20:00.041Z [error][Jellyfin API]: Something went wrong while getting library content from the Jellyfin server: connect ECONNREFUSED 172.17.0.4:8096 {}
2025-08-21T17:20:00.042Z [error][Jellyfin Sync]: Sync interrupted {"errorMessage":""}
2025-08-21T17:21:00.013Z [debug][Jobs]: Starting scheduled job: Download Sync 
2025-08-21T17:22:00.012Z [debug][Jobs]: Starting scheduled job: Download Sync 
2025-08-21T17:23:00.004Z [debug][Jobs]: Starting scheduled job: Download Sync 
2025-08-21T17:24:00.015Z [debug][Jobs]: Starting scheduled job: Download Sync 
2025-08-21T17:25:00.003Z [debug][Jobs]: Starting scheduled job: Download Sync 
2025-08-21T17:25:00.008Z [info][Jobs]: Starting scheduled job: Jellyfin Recently Added Scan 
2025-08-21T17:25:00.008Z [info][Jellyfin Sync]: Jellyfin Sync Starting {"sessionId":"5b30224c-a90e-4b12-8e7b-b4467e1aa4f6"}
2025-08-21T17:25:00.032Z [info][Jellyfin Sync]: Beginning to process recently added for library: Movies 
2025-08-21T17:25:00.035Z [error][Jellyfin API]: Something went wrong while getting library content from the Jellyfin server: connect ECONNREFUSED 172.17.0.4:8096 {}
2025-08-21T17:25:00.036Z [error][Jellyfin Sync]: Sync interrupted {"errorMessage":""}
2025-08-21T17:26:00.005Z [debug][Jobs]: Starting scheduled job: Download Sync 
2025-08-21T17:27:00.004Z [debug][Jobs]: Starting scheduled job: Download Sync 
2025-08-21T17:28:00.008Z [debug][Jobs]: Starting scheduled job: Download Sync 
2025-08-21T17:29:00.011Z [debug][Jobs]: Starting scheduled job: Download Sync 
2025-08-21T17:30:00.014Z [debug][Jobs]: Starting scheduled job: Download Sync 
2025-08-21T17:30:00.021Z [info][Jobs]: Starting scheduled job: Jellyfin Recently Added Scan 
2025-08-21T17:30:00.022Z [info][Jellyfin Sync]: Jellyfin Sync Starting {"sessionId":"30a83807-4199-4703-a3c6-1debe1e761ab"}
2025-08-21T17:30:00.035Z [info][Jellyfin Sync]: Beginning to process recently added for library: Movies 
2025-08-21T17:30:00.038Z [error][Jellyfin API]: Something went wrong while getting library content from the Jellyfin server: connect ECONNREFUSED 172.17.0.4:8096 {}
2025-08-21T17:30:00.039Z [error][Jellyfin Sync]: Sync interrupted {"errorMessage":""}
2025-08-21T17:31:00.006Z [debug][Jobs]: Starting scheduled job: Download Sync 
2025-08-21T17:32:00.011Z [debug][Jobs]: Starting scheduled job: Download Sync 
2025-08-21T17:33:00.015Z [debug][Jobs]: Starting scheduled job: Download Sync 
2025-08-21T17:34:00.006Z [debug][Jobs]: Starting scheduled job: Download Sync 
2025-08-21T17:35:00.010Z [debug][Jobs]: Starting scheduled job: Download Sync 
2025-08-21T17:35:00.024Z [info][Jobs]: Starting scheduled job: Jellyfin Recently Added Scan 
2025-08-21T17:35:00.024Z [info][Jellyfin Sync]: Jellyfin Sync Starting {"sessionId":"3e1d099c-31d9-4689-b849-8b6152852fad"}
2025-08-21T17:35:00.039Z [info][Jellyfin Sync]: Beginning to process recently added for library: Movies 
2025-08-21T17:35:00.043Z [error][Jellyfin API]: Something went wrong while getting library content from the Jellyfin server: connect ECONNREFUSED 172.17.0.4:8096 {}
2025-08-21T17:35:00.044Z [error][Jellyfin Sync]: Sync interrupted {"errorMessage":""}
2025-08-21T17:36:00.004Z [debug][Jobs]: Starting scheduled job: Download Sync 
2025-08-21T17:37:00.004Z [debug][Jobs]: Starting scheduled job: Download Sync 
2025-08-21T17:38:00.010Z [debug][Jobs]: Starting scheduled job: Download Sync 
2025-08-21T17:39:00.004Z [debug][Jobs]: Starting scheduled job: Download Sync 
2025-08-21T17:40:00.005Z [debug][Jobs]: Starting scheduled job: Download Sync 
2025-08-21T17:40:00.008Z [info][Jobs]: Starting scheduled job: Jellyfin Recently Added Scan 
2025-08-21T17:40:00.009Z [info][Jellyfin Sync]: Jellyfin Sync Starting {"sessionId":"76f08442-8c7c-4de1-aa6f-be13ce079d9e"}
2025-08-21T17:40:00.019Z [info][Jellyfin Sync]: Beginning to process recently added for library: Movies 
2025-08-21T17:40:00.021Z [error][Jellyfin API]: Something went wrong while getting library content from the Jellyfin server: connect ECONNREFUSED 172.17.0.4:8096 {}
2025-08-21T17:40:00.021Z [error][Jellyfin Sync]: Sync interrupted {"errorMessage":""}
2025-08-21T17:41:00.011Z [debug][Jobs]: Starting scheduled job: Download Sync 
2025-08-21T17:42:00.009Z [debug][Jobs]: Starting scheduled job: Download Sync 
2025-08-21T17:43:00.002Z [debug][Jobs]: Starting scheduled job: Download Sync 
2025-08-21T17:44:00.010Z [debug][Jobs]: Starting scheduled job: Download Sync 
2025-08-21T17:45:00.012Z [debug][Jobs]: Starting scheduled job: Download Sync 
2025-08-21T17:45:00.019Z [info][Jobs]: Starting scheduled job: Jellyfin Recently Added Scan 
2025-08-21T17:45:00.020Z [info][Jellyfin Sync]: Jellyfin Sync Starting {"sessionId":"903e8f1e-f632-49f1-8b91-26d81910830b"}
2025-08-21T17:45:00.029Z [info][Jellyfin Sync]: Beginning to process recently added for library: Movies 
2025-08-21T17:45:00.032Z [error][Jellyfin API]: Something went wrong while getting library content from the Jellyfin server: connect ECONNREFUSED 172.17.0.4:8096 {}
2025-08-21T17:45:00.032Z [error][Jellyfin Sync]: Sync interrupted {"errorMessage":""}
2025-08-21T17:46:00.008Z [debug][Jobs]: Starting scheduled job: Download Sync 
2025-08-21T17:47:00.002Z [debug][Jobs]: Starting scheduled job: Download Sync 
2025-08-21T17:48:00.003Z [debug][Jobs]: Starting scheduled job: Download Sync 
2025-08-21T17:49:00.012Z [debug][Jobs]: Starting scheduled job: Download Sync 
2025-08-21T17:50:00.011Z [debug][Jobs]: Starting scheduled job: Download Sync 
2025-08-21T17:50:00.016Z [info][Jobs]: Starting scheduled job: Jellyfin Recently Added Scan 
2025-08-21T17:50:00.017Z [info][Jellyfin Sync]: Jellyfin Sync Starting {"sessionId":"24f887b7-7b27-4481-80a8-7e8a25e72d28"}
2025-08-21T17:50:00.039Z [info][Jellyfin Sync]: Beginning to process recently added for library: Movies 
2025-08-21T17:50:00.042Z [error][Jellyfin API]: Something went wrong while getting library content from the Jellyfin server: connect ECONNREFUSED 172.17.0.4:8096 {}
2025-08-21T17:50:00.043Z [error][Jellyfin Sync]: Sync interrupted {"errorMessage":""}
2025-08-21T17:51:00.007Z [debug][Jobs]: Starting scheduled job: Download Sync 
2025-08-21T17:52:00.016Z [debug][Jobs]: Starting scheduled job: Download Sync 
2025-08-21T17:53:00.010Z [debug][Jobs]: Starting scheduled job: Download Sync 
2025-08-21T17:54:00.010Z [debug][Jobs]: Starting scheduled job: Download Sync 
2025-08-21T17:55:00.009Z [debug][Jobs]: Starting scheduled job: Download Sync 
2025-08-21T17:55:00.017Z [info][Jobs]: Starting scheduled job: Jellyfin Recently Added Scan 
2025-08-21T17:55:00.019Z [info][Jellyfin Sync]: Jellyfin Sync Starting {"sessionId":"8b133625-3094-4e72-ad10-41d32f1f49ca"}
2025-08-21T17:55:00.041Z [info][Jellyfin Sync]: Beginning to process recently added for library: Movies 
2025-08-21T17:55:00.046Z [error][Jellyfin API]: Something went wrong while getting library content from the Jellyfin server: connect ECONNREFUSED 172.17.0.4:8096 {}
2025-08-21T17:55:00.048Z [error][Jellyfin Sync]: Sync interrupted {"errorMessage":""}
2025-08-21T17:56:00.004Z [debug][Jobs]: Starting scheduled job: Download Sync 
2025-08-21T17:57:00.011Z [debug][Jobs]: Starting scheduled job: Download Sync 
2025-08-21T17:58:00.010Z [debug][Jobs]: Starting scheduled job: Download Sync 
2025-08-21T17:59:00.004Z [debug][Jobs]: Starting scheduled job: Download Sync 
2025-08-21T18:00:00.009Z [debug][Jobs]: Starting scheduled job: Download Sync 
2025-08-21T18:00:00.014Z [info][Jobs]: Starting scheduled job: Jellyfin Recently Added Scan 
2025-08-21T18:00:00.014Z [info][Jellyfin Sync]: Jellyfin Sync Starting {"sessionId":"fed81d8d-dc27-45af-b279-b03d8da17be9"}
2025-08-21T18:00:00.028Z [info][Jellyfin Sync]: Beginning to process recently added for library: Movies 
2025-08-21T18:00:00.034Z [error][Jellyfin API]: Something went wrong while getting library content from the Jellyfin server: connect ECONNREFUSED 172.17.0.4:8096 {}
2025-08-21T18:00:00.034Z [error][Jellyfin Sync]: Sync interrupted {"errorMessage":""}
2025-08-21T18:01:00.004Z [debug][Jobs]: Starting scheduled job: Download Sync 
2025-08-21T18:02:00.007Z [debug][Jobs]: Starting scheduled job: Download Sync 
2025-08-21T18:03:00.010Z [debug][Jobs]: Starting scheduled job: Download Sync 
2025-08-21T18:04:00.010Z [debug][Jobs]: Starting scheduled job: Download Sync 
2025-08-21T18:05:00.011Z [debug][Jobs]: Starting scheduled job: Download Sync 
2025-08-21T18:05:00.014Z [info][Jobs]: Starting scheduled job: Jellyfin Recently Added Scan 
2025-08-21T18:05:00.015Z [info][Jellyfin Sync]: Jellyfin Sync Starting {"sessionId":"fcb0660c-0af3-4743-8750-76644fed8d85"}
2025-08-21T18:05:00.032Z [info][Jellyfin Sync]: Beginning to process recently added for library: Movies 
2025-08-21T18:05:00.035Z [error][Jellyfin API]: Something went wrong while getting library content from the Jellyfin server: connect ECONNREFUSED 172.17.0.4:8096 {}
2025-08-21T18:05:00.036Z [error][Jellyfin Sync]: Sync interrupted {"errorMessage":""}
2025-08-21T18:06:00.012Z [debug][Jobs]: Starting scheduled job: Download Sync 
2025-08-21T18:07:00.012Z [debug][Jobs]: Starting scheduled job: Download Sync 
2025-08-21T18:08:00.001Z [debug][Jobs]: Starting scheduled job: Download Sync 
2025-08-21T18:09:00.012Z [debug][Jobs]: Starting scheduled job: Download Sync 
2025-08-21T18:10:00.015Z [debug][Jobs]: Starting scheduled job: Download Sync 
2025-08-21T18:10:00.024Z [info][Jobs]: Starting scheduled job: Jellyfin Recently Added Scan 
2025-08-21T18:10:00.025Z [info][Jellyfin Sync]: Jellyfin Sync Starting {"sessionId":"15a1b460-d4c8-4b16-adcc-4abc24b556b5"}
2025-08-21T18:10:00.037Z [info][Jellyfin Sync]: Beginning to process recently added for library: Movies 
2025-08-21T18:10:00.040Z [error][Jellyfin API]: Something went wrong while getting library content from the Jellyfin server: connect ECONNREFUSED 172.17.0.4:8096 {}
2025-08-21T18:10:00.040Z [error][Jellyfin Sync]: Sync interrupted {"errorMessage":""}
2025-08-21T18:11:00.002Z [debug][Jobs]: Starting scheduled job: Download Sync 
2025-08-21T18:12:00.002Z [debug][Jobs]: Starting scheduled job: Download Sync 
2025-08-21T18:13:00.011Z [debug][Jobs]: Starting scheduled job: Download Sync 
2025-08-21T18:14:00.012Z [debug][Jobs]: Starting scheduled job: Download Sync 
2025-08-21T18:15:00.009Z [debug][Jobs]: Starting scheduled job: Download Sync 
2025-08-21T18:15:00.018Z [info][Jobs]: Starting scheduled job: Jellyfin Recently Added Scan 
2025-08-21T18:15:00.019Z [info][Jellyfin Sync]: Jellyfin Sync Starting {"sessionId":"57396b4b-248a-40eb-aa1a-1c70504052f0"}
2025-08-21T18:15:00.039Z [info][Jellyfin Sync]: Beginning to process recently added for library: Movies 
2025-08-21T18:15:00.043Z [error][Jellyfin API]: Something went wrong while getting library content from the Jellyfin server: connect ECONNREFUSED 172.17.0.4:8096 {}
2025-08-21T18:15:00.044Z [error][Jellyfin Sync]: Sync interrupted {"errorMessage":""}
2025-08-21T18:16:00.011Z [debug][Jobs]: Starting scheduled job: Download Sync 
2025-08-21T18:17:00.013Z [debug][Jobs]: Starting scheduled job: Download Sync 
2025-08-21T18:18:00.009Z [debug][Jobs]: Starting scheduled job: Download Sync 
2025-08-21T18:19:00.009Z [debug][Jobs]: Starting scheduled job: Download Sync 
2025-08-21T18:20:00.014Z [debug][Jobs]: Starting scheduled job: Download Sync 
2025-08-21T18:20:00.019Z [info][Jobs]: Starting scheduled job: Jellyfin Recently Added Scan 
2025-08-21T18:20:00.021Z [info][Jellyfin Sync]: Jellyfin Sync Starting {"sessionId":"6bfdcbac-aed1-40a3-999c-ffa09a02b533"}
2025-08-21T18:20:00.035Z [info][Jellyfin Sync]: Beginning to process recently added for library: Movies 
2025-08-21T18:20:00.039Z [error][Jellyfin API]: Something went wrong while getting library content from the Jellyfin server: connect ECONNREFUSED 172.17.0.4:8096 {}
2025-08-21T18:20:00.043Z [error][Jellyfin Sync]: Sync interrupted {"errorMessage":""}
2025-08-21T18:21:00.012Z [debug][Jobs]: Starting scheduled job: Download Sync 
2025-08-21T18:22:00.006Z [debug][Jobs]: Starting scheduled job: Download Sync 
2025-08-21T18:23:00.009Z [debug][Jobs]: Starting scheduled job: Download Sync 
2025-08-21T18:24:00.008Z [debug][Jobs]: Starting scheduled job: Download Sync 
2025-08-21T18:25:00.019Z [debug][Jobs]: Starting scheduled job: Download Sync 
2025-08-21T18:25:00.029Z [info][Jobs]: Starting scheduled job: Jellyfin Recently Added Scan 
2025-08-21T18:25:00.029Z [info][Jellyfin Sync]: Jellyfin Sync Starting {"sessionId":"451dd1ec-55dd-4904-8fa2-24f2d9bb1a91"}
2025-08-21T18:25:00.039Z [info][Jellyfin Sync]: Beginning to process recently added for library: Movies 
2025-08-21T18:25:00.042Z [error][Jellyfin API]: Something went wrong while getting library content from the Jellyfin server: connect ECONNREFUSED 172.17.0.4:8096 {}
2025-08-21T18:25:00.042Z [error][Jellyfin Sync]: Sync interrupted {"errorMessage":""}
2025-08-21T18:26:00.006Z [debug][Jobs]: Starting scheduled job: Download Sync 
2025-08-21T18:27:00.002Z [debug][Jobs]: Starting scheduled job: Download Sync 
2025-08-21T18:28:00.017Z [debug][Jobs]: Starting scheduled job: Download Sync 
2025-08-21T18:29:00.011Z [debug][Jobs]: Starting scheduled job: Download Sync 
2025-08-21T18:30:00.009Z [debug][Jobs]: Starting scheduled job: Download Sync 
2025-08-21T18:30:00.024Z [info][Jobs]: Starting scheduled job: Jellyfin Recently Added Scan 
2025-08-21T18:30:00.025Z [info][Jellyfin Sync]: Jellyfin Sync Starting {"sessionId":"f4b50f0d-f5e8-41ce-af37-364e8929aec9"}
2025-08-21T18:30:00.071Z [info][Jellyfin Sync]: Beginning to process recently added for library: Movies 
2025-08-21T18:30:00.078Z [error][Jellyfin API]: Something went wrong while getting library content from the Jellyfin server: connect ECONNREFUSED 172.17.0.4:8096 {}
2025-08-21T18:30:00.079Z [error][Jellyfin Sync]: Sync interrupted {"errorMessage":""}
2025-08-21T18:31:00.005Z [debug][Jobs]: Starting scheduled job: Download Sync 
2025-08-21T18:32:00.005Z [debug][Jobs]: Starting scheduled job: Download Sync 
2025-08-21T18:33:00.008Z [debug][Jobs]: Starting scheduled job: Download Sync 
2025-08-21T18:34:00.008Z [debug][Jobs]: Starting scheduled job: Download Sync 
2025-08-21T18:35:00.009Z [debug][Jobs]: Starting scheduled job: Download Sync 
2025-08-21T18:35:00.013Z [info][Jobs]: Starting scheduled job: Jellyfin Recently Added Scan 
2025-08-21T18:35:00.014Z [info][Jellyfin Sync]: Jellyfin Sync Starting {"sessionId":"05236591-2010-46b0-90ef-c3330092651e"}
2025-08-21T18:35:00.030Z [info][Jellyfin Sync]: Beginning to process recently added for library: Movies 
2025-08-21T18:35:00.035Z [error][Jellyfin API]: Something went wrong while getting library content from the Jellyfin server: connect ECONNREFUSED 172.17.0.4:8096 {}
2025-08-21T18:35:00.035Z [error][Jellyfin Sync]: Sync interrupted {"errorMessage":""}
2025-08-21T18:36:00.012Z [debug][Jobs]: Starting scheduled job: Download Sync 
2025-08-21T18:37:00.009Z [debug][Jobs]: Starting scheduled job: Download Sync 
2025-08-21T18:38:00.010Z [debug][Jobs]: Starting scheduled job: Download Sync 
2025-08-21T18:39:00.004Z [debug][Jobs]: Starting scheduled job: Download Sync 
2025-08-21T18:40:00.009Z [debug][Jobs]: Starting scheduled job: Download Sync 
2025-08-21T18:40:00.015Z [info][Jobs]: Starting scheduled job: Jellyfin Recently Added Scan 
2025-08-21T18:40:00.016Z [info][Jellyfin Sync]: Jellyfin Sync Starting {"sessionId":"456b1d0f-cda0-493d-a048-c3d897e728f5"}
2025-08-21T18:40:00.033Z [info][Jellyfin Sync]: Beginning to process recently added for library: Movies 
2025-08-21T18:40:00.036Z [error][Jellyfin API]: Something went wrong while getting library content from the Jellyfin server: connect ECONNREFUSED 172.17.0.4:8096 {}
2025-08-21T18:40:00.037Z [error][Jellyfin Sync]: Sync interrupted {"errorMessage":""}
2025-08-21T18:41:00.010Z [debug][Jobs]: Starting scheduled job: Download Sync 
2025-08-21T18:42:00.009Z [debug][Jobs]: Starting scheduled job: Download Sync 
2025-08-21T18:43:00.010Z [debug][Jobs]: Starting scheduled job: Download Sync 
2025-08-21T18:44:00.009Z [debug][Jobs]: Starting scheduled job: Download Sync 
2025-08-21T18:45:00.009Z [debug][Jobs]: Starting scheduled job: Download Sync 
2025-08-21T18:45:00.095Z [info][Jobs]: Starting scheduled job: Jellyfin Recently Added Scan 
2025-08-21T18:45:00.096Z [info][Jellyfin Sync]: Jellyfin Sync Starting {"sessionId":"612590bc-5db4-4ea1-994b-f80e59688005"}
2025-08-21T18:45:00.153Z [info][Jellyfin Sync]: Beginning to process recently added for library: Movies 
2025-08-21T18:45:00.162Z [error][Jellyfin API]: Something went wrong while getting library content from the Jellyfin server: connect ECONNREFUSED 172.17.0.4:8096 {}
2025-08-21T18:45:00.179Z [error][Jellyfin Sync]: Sync interrupted {"errorMessage":""}
2025-08-21T18:46:00.009Z [debug][Jobs]: Starting scheduled job: Download Sync 
2025-08-21T18:47:00.010Z [debug][Jobs]: Starting scheduled job: Download Sync 
2025-08-21T18:48:00.007Z [debug][Jobs]: Starting scheduled job: Download Sync 
2025-08-21T18:49:00.009Z [debug][Jobs]: Starting scheduled job: Download Sync 
2025-08-21T18:50:00.009Z [debug][Jobs]: Starting scheduled job: Download Sync 
2025-08-21T18:50:00.012Z [info][Jobs]: Starting scheduled job: Jellyfin Recently Added Scan 
2025-08-21T18:50:00.012Z [info][Jellyfin Sync]: Jellyfin Sync Starting {"sessionId":"e3e870ed-b288-4da4-8af6-7a7c312afaeb"}
2025-08-21T18:50:00.027Z [info][Jellyfin Sync]: Beginning to process recently added for library: Movies 
2025-08-21T18:50:00.030Z [error][Jellyfin API]: Something went wrong while getting library content from the Jellyfin server: connect ECONNREFUSED 172.17.0.4:8096 {}
2025-08-21T18:50:00.031Z [error][Jellyfin Sync]: Sync interrupted {"errorMessage":""}
2025-08-21T18:51:00.004Z [debug][Jobs]: Starting scheduled job: Download Sync 
2025-08-21T18:52:00.006Z [debug][Jobs]: Starting scheduled job: Download Sync 
2025-08-21T18:54:07.863Z [info]: Commit Tag: $GIT_SHA 
2025-08-21T18:54:10.435Z [info]: Starting Jellyseerr version 2.7.3 
2025-08-21T18:55:22.153Z [info]: Commit Tag: $GIT_SHA 
2025-08-21T18:55:23.883Z [info]: Starting Jellyseerr version 2.7.3 
2025-08-21T18:55:29.871Z [debug][Settings Migrator]: Checking migration '0001_migrate_hostname.js'... 
2025-08-21T18:55:29.884Z [debug][Settings Migrator]: Checking migration '0002_migrate_apitokens.js'... 
2025-08-21T18:55:29.893Z [debug][Settings Migrator]: Checking migration '0003_emby_media_server_type.js'... 
2025-08-21T18:55:29.905Z [debug][Settings Migrator]: Checking migration '0004_migrate_region_setting.js'... 
2025-08-21T18:55:29.913Z [debug][Settings Migrator]: Checking migration '0005_migrate_network_settings.js'... 
2025-08-21T18:55:29.918Z [debug][Settings Migrator]: Checking migration '0006_remove_lunasea.js'... 
2025-08-21T18:55:29.986Z [info][Notifications]: Registered notification agents 
2025-08-21T18:55:30.241Z [info][Jobs]: Scheduled jobs loaded 
2025-08-21T18:55:31.284Z [info][Server]: Server ready on port 5055 
2025-08-21T18:56:00.008Z [debug][Jobs]: Starting scheduled job: Download Sync 
2025-08-21T18:56:00.036Z [error][Download Tracker]: Unable to get queue from Radarr server: Radar 
2025-08-21T18:56:00.038Z [error][Download Tracker]: Unable to get queue from Sonarr server: Sonarr 
2025-08-21T18:57:00.023Z [debug][Jobs]: Starting scheduled job: Download Sync 
2025-08-21T18:57:00.047Z [error][Download Tracker]: Unable to get queue from Radarr server: Radar 
2025-08-21T18:57:00.051Z [error][Download Tracker]: Unable to get queue from Sonarr server: Sonarr 
2025-08-21T18:58:00.015Z [debug][Jobs]: Starting scheduled job: Download Sync 
2025-08-21T18:58:00.029Z [error][Download Tracker]: Unable to get queue from Radarr server: Radar 
2025-08-21T18:58:00.032Z [error][Download Tracker]: Unable to get queue from Sonarr server: Sonarr 
2025-08-21T18:59:00.005Z [debug][Jobs]: Starting scheduled job: Download Sync 
2025-08-21T18:59:00.026Z [error][Download Tracker]: Unable to get queue from Radarr server: Radar 
2025-08-21T18:59:00.029Z [error][Download Tracker]: Unable to get queue from Sonarr server: Sonarr 
2025-08-21T19:00:00.021Z [debug][Jobs]: Starting scheduled job: Download Sync 
2025-08-21T19:00:00.032Z [error][Download Tracker]: Unable to get queue from Radarr server: Radar 
2025-08-21T19:00:00.035Z [error][Download Tracker]: Unable to get queue from Sonarr server: Sonarr 
2025-08-21T19:00:00.038Z [info][Jobs]: Starting scheduled job: Jellyfin Recently Added Scan 
2025-08-21T19:00:00.040Z [info][Jellyfin Sync]: Jellyfin Sync Starting {"sessionId":"1afa5d60-c51e-421e-a807-f23a1774e19d"}
2025-08-21T19:00:00.071Z [info][Jellyfin Sync]: Beginning to process recently added for library: Movies 
2025-08-21T19:00:00.081Z [error][Jellyfin API]: Something went wrong while getting library content from the Jellyfin server: connect ECONNREFUSED 172.17.0.4:8096 {}
2025-08-21T19:00:00.090Z [error][Jellyfin Sync]: Sync interrupted {"errorMessage":""}
2025-08-21T19:00:48.841Z [debug][API]: Something went wrong retrieving backdrops {"errorMessage":"[TMDB] Failed to fetch all trending: unable to get local issuer certificate"}
2025-08-21T19:00:53.964Z [debug][API]: Something went wrong retrieving backdrops {"errorMessage":"[TMDB] Failed to fetch all trending: unable to get local issuer certificate"}
2025-08-21T19:01:00.003Z [debug][Jobs]: Starting scheduled job: Download Sync 
2025-08-21T19:01:00.009Z [error][Download Tracker]: Unable to get queue from Radarr server: Radar 
2025-08-21T19:01:00.010Z [error][Download Tracker]: Unable to get queue from Sonarr server: Sonarr 
2025-08-21T19:01:19.543Z [debug][API]: Something went wrong retrieving backdrops {"errorMessage":"[TMDB] Failed to fetch all trending: unable to get local issuer certificate"}
2025-08-21T19:01:50.660Z [debug][API]: Something went wrong retrieving backdrops {"errorMessage":"[TMDB] Failed to fetch all trending: unable to get local issuer certificate"}
2025-08-21T19:02:00.004Z [debug][Jobs]: Starting scheduled job: Download Sync 
2025-08-21T19:02:00.012Z [error][Download Tracker]: Unable to get queue from Radarr server: Radar 
2025-08-21T19:02:00.013Z [error][Download Tracker]: Unable to get queue from Sonarr server: Sonarr 
2025-08-21T19:03:00.003Z [debug][Jobs]: Starting scheduled job: Download Sync 
2025-08-21T19:03:00.008Z [error][Download Tracker]: Unable to get queue from Radarr server: Radar 
2025-08-21T19:03:00.011Z [error][Download Tracker]: Unable to get queue from Sonarr server: Sonarr 
2025-08-21T19:03:36.665Z [debug][API]: Something went wrong retrieving backdrops {"errorMessage":"[TMDB] Failed to fetch all trending: unable to get local issuer certificate"}
2025-08-21T19:04:13.318Z [info]: Commit Tag: $GIT_SHA 
2025-08-21T19:04:14.550Z [info]: Starting Jellyseerr version 2.7.3 
2025-08-21T19:04:17.742Z [debug][Settings Migrator]: Checking migration '0001_migrate_hostname.js'... 
2025-08-21T19:04:17.749Z [debug][Settings Migrator]: Checking migration '0002_migrate_apitokens.js'... 
2025-08-21T19:04:17.762Z [debug][Settings Migrator]: Checking migration '0003_emby_media_server_type.js'... 
2025-08-21T19:04:17.765Z [debug][Settings Migrator]: Checking migration '0004_migrate_region_setting.js'... 
2025-08-21T19:04:17.779Z [debug][Settings Migrator]: Checking migration '0005_migrate_network_settings.js'... 
2025-08-21T19:04:17.783Z [debug][Settings Migrator]: Checking migration '0006_remove_lunasea.js'... 
2025-08-21T19:04:17.821Z [info][Notifications]: Registered notification agents 
2025-08-21T19:04:17.997Z [info][Jobs]: Scheduled jobs loaded 
2025-08-21T19:04:18.765Z [info][Server]: Server ready on port 5055 
2025-08-21T19:05:00.011Z [debug][Jobs]: Starting scheduled job: Download Sync 
2025-08-21T19:05:00.045Z [error][Download Tracker]: Unable to get queue from Radarr server: Radar 
2025-08-21T19:05:00.047Z [error][Download Tracker]: Unable to get queue from Sonarr server: Sonarr 
2025-08-21T19:05:00.052Z [info][Jobs]: Starting scheduled job: Jellyfin Recently Added Scan 
2025-08-21T19:05:00.054Z [info][Jellyfin Sync]: Jellyfin Sync Starting {"sessionId":"ed686b32-2766-4d33-bd91-36026c8b15a6"}
2025-08-21T19:05:00.065Z [info][Jellyfin Sync]: Beginning to process recently added for library: Movies 
2025-08-21T19:05:00.067Z [error][Jellyfin API]: Something went wrong while getting library content from the Jellyfin server: connect ECONNREFUSED 172.17.0.4:8096 {}
2025-08-21T19:05:00.067Z [error][Jellyfin Sync]: Sync interrupted {"errorMessage":""}
2025-08-21T19:05:17.778Z [debug][API]: Something went wrong retrieving backdrops {"errorMessage":"[TMDB] Failed to fetch all trending: unable to get local issuer certificate"}
2025-08-21T19:06:00.009Z [debug][Jobs]: Starting scheduled job: Download Sync 
2025-08-21T19:06:00.014Z [error][Download Tracker]: Unable to get queue from Radarr server: Radar 
2025-08-21T19:06:00.015Z [error][Download Tracker]: Unable to get queue from Sonarr server: Sonarr 
2025-08-21T19:07:00.013Z [debug][Jobs]: Starting scheduled job: Download Sync 
2025-08-21T19:07:00.020Z [error][Download Tracker]: Unable to get queue from Radarr server: Radar 
2025-08-21T19:07:00.023Z [error][Download Tracker]: Unable to get queue from Sonarr server: Sonarr 
2025-08-21T19:08:00.009Z [debug][Jobs]: Starting scheduled job: Download Sync 
2025-08-21T19:08:00.014Z [error][Download Tracker]: Unable to get queue from Radarr server: Radar 
2025-08-21T19:08:00.015Z [error][Download Tracker]: Unable to get queue from Sonarr server: Sonarr 
2025-08-21T19:09:00.009Z [debug][Jobs]: Starting scheduled job: Download Sync 
2025-08-21T19:09:00.023Z [error][Download Tracker]: Unable to get queue from Radarr server: Radar 
2025-08-21T19:09:00.025Z [error][Download Tracker]: Unable to get queue from Sonarr server: Sonarr 
2025-08-21T19:10:00.007Z [debug][Jobs]: Starting scheduled job: Download Sync 
2025-08-21T19:10:00.012Z [error][Download Tracker]: Unable to get queue from Radarr server: Radar 
2025-08-21T19:10:00.013Z [error][Download Tracker]: Unable to get queue from Sonarr server: Sonarr 
2025-08-21T19:10:00.017Z [info][Jobs]: Starting scheduled job: Jellyfin Recently Added Scan 
2025-08-21T19:10:00.018Z [info][Jellyfin Sync]: Jellyfin Sync Starting {"sessionId":"796a4fcc-9625-4756-ac52-927aad76fe64"}
2025-08-21T19:10:00.027Z [info][Jellyfin Sync]: Beginning to process recently added for library: Movies 
2025-08-21T19:10:00.030Z [error][Jellyfin API]: Something went wrong while getting library content from the Jellyfin server: connect ECONNREFUSED 172.17.0.4:8096 {}
2025-08-21T19:10:00.031Z [error][Jellyfin Sync]: Sync interrupted {"errorMessage":""}
2025-08-21T19:11:00.011Z [debug][Jobs]: Starting scheduled job: Download Sync 
2025-08-21T19:11:00.017Z [error][Download Tracker]: Unable to get queue from Radarr server: Radar 
2025-08-21T19:11:00.019Z [error][Download Tracker]: Unable to get queue from Sonarr server: Sonarr 
2025-08-21T19:11:13.608Z [debug][API]: Something went wrong retrieving backdrops {"errorMessage":"[TMDB] Failed to fetch all trending: unable to get local issuer certificate"}
2025-08-21T19:12:00.002Z [debug][Jobs]: Starting scheduled job: Download Sync 
2025-08-21T19:12:00.006Z [error][Download Tracker]: Unable to get queue from Radarr server: Radar 
2025-08-21T19:12:00.007Z [error][Download Tracker]: Unable to get queue from Sonarr server: Sonarr 
2025-08-21T19:13:00.010Z [debug][Jobs]: Starting scheduled job: Download Sync 
2025-08-21T19:13:00.015Z [error][Download Tracker]: Unable to get queue from Radarr server: Radar 
2025-08-21T19:13:00.016Z [error][Download Tracker]: Unable to get queue from Sonarr server: Sonarr 
2025-08-21T19:14:00.005Z [debug][Jobs]: Starting scheduled job: Download Sync 
2025-08-21T19:14:00.011Z [error][Download Tracker]: Unable to get queue from Radarr server: Radar 
2025-08-21T19:14:00.012Z [error][Download Tracker]: Unable to get queue from Sonarr server: Sonarr 
2025-08-21T19:15:00.001Z [debug][Jobs]: Starting scheduled job: Download Sync 
2025-08-21T19:15:00.005Z [error][Download Tracker]: Unable to get queue from Radarr server: Radar 
2025-08-21T19:15:00.005Z [error][Download Tracker]: Unable to get queue from Sonarr server: Sonarr 
2025-08-21T19:15:00.011Z [info][Jobs]: Starting scheduled job: Jellyfin Recently Added Scan 
2025-08-21T19:15:00.012Z [info][Jellyfin Sync]: Jellyfin Sync Starting {"sessionId":"25647d7f-a3ca-48c7-b1da-9e6c4ec25251"}
2025-08-21T19:15:00.034Z [info][Jellyfin Sync]: Beginning to process recently added for library: Movies 
2025-08-21T19:15:00.040Z [error][Jellyfin API]: Something went wrong while getting library content from the Jellyfin server: connect ECONNREFUSED 172.17.0.4:8096 {}
2025-08-21T19:15:00.041Z [error][Jellyfin Sync]: Sync interrupted {"errorMessage":""}
2025-08-21T19:15:37.078Z [info]: Commit Tag: $GIT_SHA 
2025-08-21T19:15:38.617Z [info]: Starting Jellyseerr version 2.7.3 
2025-08-21T19:15:42.324Z [debug][Settings Migrator]: Checking migration '0001_migrate_hostname.js'... 
2025-08-21T19:15:42.333Z [debug][Settings Migrator]: Checking migration '0002_migrate_apitokens.js'... 
2025-08-21T19:15:42.345Z [debug][Settings Migrator]: Checking migration '0003_emby_media_server_type.js'... 
2025-08-21T19:15:42.354Z [debug][Settings Migrator]: Checking migration '0004_migrate_region_setting.js'... 
2025-08-21T19:15:42.361Z [debug][Settings Migrator]: Checking migration '0005_migrate_network_settings.js'... 
2025-08-21T19:15:42.365Z [debug][Settings Migrator]: Checking migration '0006_remove_lunasea.js'... 
2025-08-21T19:15:42.398Z [info][Notifications]: Registered notification agents 
2025-08-21T19:15:42.492Z [info][Jobs]: Scheduled jobs loaded 
2025-08-21T19:15:43.143Z [info][Server]: Server ready on port 5055 
2025-08-21T19:16:00.005Z [debug][Jobs]: Starting scheduled job: Download Sync 
2025-08-21T19:17:00.022Z [debug][Jobs]: Starting scheduled job: Download Sync 
2025-08-21T19:18:00.009Z [debug][Jobs]: Starting scheduled job: Download Sync 
2025-08-21T19:18:14.794Z [debug][API]: Something went wrong retrieving backdrops {"errorMessage":"[TMDB] Failed to fetch all trending: unable to get local issuer certificate"}
2025-08-21T19:19:00.018Z [debug][Jobs]: Starting scheduled job: Download Sync 
2025-08-21T19:22:10.815Z [info]: Commit Tag: $GIT_SHA 
2025-08-21T19:22:12.260Z [info]: Starting Jellyseerr version 2.7.3 
2025-08-21T19:22:16.513Z [debug][Settings Migrator]: Checking migration '0001_migrate_hostname.js'... 
2025-08-21T19:22:16.521Z [debug][Settings Migrator]: Checking migration '0002_migrate_apitokens.js'... 
2025-08-21T19:22:16.526Z [debug][Settings Migrator]: Checking migration '0003_emby_media_server_type.js'... 
2025-08-21T19:22:16.540Z [debug][Settings Migrator]: Checking migration '0004_migrate_region_setting.js'... 
2025-08-21T19:22:16.543Z [debug][Settings Migrator]: Checking migration '0005_migrate_network_settings.js'... 
2025-08-21T19:22:16.545Z [debug][Settings Migrator]: Checking migration '0006_remove_lunasea.js'... 
2025-08-21T19:22:16.596Z [info][Notifications]: Registered notification agents 
2025-08-21T19:22:16.892Z [info][Jobs]: Scheduled jobs loaded 
2025-08-21T19:22:17.375Z [info][Server]: Server ready on port 5055 
2025-08-21T19:23:00.013Z [debug][Jobs]: Starting scheduled job: Download Sync 
2025-08-21T19:23:00.037Z [error][Download Tracker]: Unable to get queue from Radarr server: Radar 
2025-08-21T19:23:00.038Z [error][Download Tracker]: Unable to get queue from Sonarr server: Sonarr 
2025-08-21T19:24:00.016Z [debug][Jobs]: Starting scheduled job: Download Sync 
2025-08-21T19:24:00.024Z [error][Download Tracker]: Unable to get queue from Radarr server: Radar 
2025-08-21T19:24:00.026Z [error][Download Tracker]: Unable to get queue from Sonarr server: Sonarr 
2025-08-21T19:25:00.013Z [debug][Jobs]: Starting scheduled job: Download Sync 
2025-08-21T19:25:00.027Z [error][Download Tracker]: Unable to get queue from Radarr server: Radar 
2025-08-21T19:25:00.031Z [error][Download Tracker]: Unable to get queue from Sonarr server: Sonarr 
2025-08-21T19:25:00.038Z [info][Jobs]: Starting scheduled job: Jellyfin Recently Added Scan 
2025-08-21T19:25:00.040Z [info][Jellyfin Sync]: Jellyfin Sync Starting {"sessionId":"e6518cbb-8782-45a2-8455-5d67b9d6833d"}
2025-08-21T19:25:00.061Z [info][Jellyfin Sync]: Beginning to process recently added for library: Movies 
2025-08-21T19:25:00.064Z [error][Jellyfin API]: Something went wrong while getting library content from the Jellyfin server: connect ECONNREFUSED 172.17.0.4:8096 {}
2025-08-21T19:25:00.064Z [error][Jellyfin Sync]: Sync interrupted {"errorMessage":""}
2025-08-21T19:26:00.021Z [debug][Jobs]: Starting scheduled job: Download Sync 
2025-08-21T19:26:00.027Z [error][Download Tracker]: Unable to get queue from Radarr server: Radar 
2025-08-21T19:26:00.028Z [error][Download Tracker]: Unable to get queue from Sonarr server: Sonarr 
2025-08-21T19:27:00.017Z [debug][Jobs]: Starting scheduled job: Download Sync 
2025-08-21T19:27:00.021Z [error][Download Tracker]: Unable to get queue from Radarr server: Radar 
2025-08-21T19:27:00.022Z [error][Download Tracker]: Unable to get queue from Sonarr server: Sonarr 
2025-08-21T19:28:00.014Z [debug][Jobs]: Starting scheduled job: Download Sync 
2025-08-21T19:28:00.020Z [error][Download Tracker]: Unable to get queue from Radarr server: Radar 
2025-08-21T19:28:00.023Z [error][Download Tracker]: Unable to get queue from Sonarr server: Sonarr 
2025-08-21T19:29:00.006Z [debug][Jobs]: Starting scheduled job: Download Sync 
2025-08-21T19:29:00.011Z [error][Download Tracker]: Unable to get queue from Radarr server: Radar 
2025-08-21T19:29:00.012Z [error][Download Tracker]: Unable to get queue from Sonarr server: Sonarr 
2025-08-21T19:30:00.012Z [debug][Jobs]: Starting scheduled job: Download Sync 
2025-08-21T19:30:00.033Z [error][Download Tracker]: Unable to get queue from Radarr server: Radar 
2025-08-21T19:30:00.036Z [error][Download Tracker]: Unable to get queue from Sonarr server: Sonarr 
2025-08-21T19:30:00.067Z [info][Jobs]: Starting scheduled job: Jellyfin Recently Added Scan 
2025-08-21T19:30:00.075Z [info][Jellyfin Sync]: Jellyfin Sync Starting {"sessionId":"6199196d-1f4d-4e45-8964-1a79d30d83e9"}
2025-08-21T19:30:00.125Z [info][Jellyfin Sync]: Beginning to process recently added for library: Movies 
2025-08-21T19:30:00.155Z [error][Jellyfin API]: Something went wrong while getting library content from the Jellyfin server: connect ECONNREFUSED 172.17.0.4:8096 {}
2025-08-21T19:30:00.160Z [error][Jellyfin Sync]: Sync interrupted {"errorMessage":""}
2025-08-21T19:31:00.007Z [debug][Jobs]: Starting scheduled job: Download Sync 
2025-08-21T19:31:00.021Z [error][Download Tracker]: Unable to get queue from Radarr server: Radar 
2025-08-21T19:31:00.024Z [error][Download Tracker]: Unable to get queue from Sonarr server: Sonarr 
2025-08-21T19:32:00.015Z [debug][Jobs]: Starting scheduled job: Download Sync 
2025-08-21T19:32:00.022Z [error][Download Tracker]: Unable to get queue from Radarr server: Radar 
2025-08-21T19:32:00.024Z [error][Download Tracker]: Unable to get queue from Sonarr server: Sonarr 
2025-08-21T19:33:00.002Z [debug][Jobs]: Starting scheduled job: Download Sync 
2025-08-21T19:33:00.008Z [error][Download Tracker]: Unable to get queue from Radarr server: Radar 
2025-08-21T19:33:00.009Z [error][Download Tracker]: Unable to get queue from Sonarr server: Sonarr 
2025-08-21T19:34:00.027Z [debug][Jobs]: Starting scheduled job: Download Sync 
2025-08-21T19:34:00.046Z [error][Download Tracker]: Unable to get queue from Radarr server: Radar 
2025-08-21T19:34:00.049Z [error][Download Tracker]: Unable to get queue from Sonarr server: Sonarr 
2025-08-21T19:35:00.016Z [debug][Jobs]: Starting scheduled job: Download Sync 
2025-08-21T19:35:00.021Z [error][Download Tracker]: Unable to get queue from Radarr server: Radar 
2025-08-21T19:35:00.022Z [error][Download Tracker]: Unable to get queue from Sonarr server: Sonarr 
2025-08-21T19:35:00.024Z [info][Jobs]: Starting scheduled job: Jellyfin Recently Added Scan 
2025-08-21T19:35:00.025Z [info][Jellyfin Sync]: Jellyfin Sync Starting {"sessionId":"235d7e8a-a185-45b7-b6fe-a964030ed87f"}
2025-08-21T19:35:00.035Z [info][Jellyfin Sync]: Beginning to process recently added for library: Movies 
2025-08-21T19:35:00.036Z [error][Jellyfin API]: Something went wrong while getting library content from the Jellyfin server: connect ECONNREFUSED 172.17.0.4:8096 {}
2025-08-21T19:35:00.036Z [error][Jellyfin Sync]: Sync interrupted {"errorMessage":""}
2025-08-21T19:35:26.730Z [debug][API]: Something went wrong retrieving backdrops {"errorMessage":"[TMDB] Failed to fetch all trending: "}
2025-08-21T19:36:00.016Z [debug][Jobs]: Starting scheduled job: Download Sync 
2025-08-21T19:36:00.020Z [error][Download Tracker]: Unable to get queue from Radarr server: Radar 
2025-08-21T19:36:00.022Z [error][Download Tracker]: Unable to get queue from Sonarr server: Sonarr 
2025-08-21T19:37:00.014Z [debug][Jobs]: Starting scheduled job: Download Sync 
2025-08-21T19:37:00.017Z [error][Download Tracker]: Unable to get queue from Radarr server: Radar 
2025-08-21T19:37:00.018Z [error][Download Tracker]: Unable to get queue from Sonarr server: Sonarr 
2025-08-21T19:38:00.019Z [debug][Jobs]: Starting scheduled job: Download Sync 
2025-08-21T19:38:00.023Z [error][Download Tracker]: Unable to get queue from Radarr server: Radar 
2025-08-21T19:38:00.024Z [error][Download Tracker]: Unable to get queue from Sonarr server: Sonarr 
2025-08-21T19:39:00.017Z [debug][Jobs]: Starting scheduled job: Download Sync 
2025-08-21T19:39:00.020Z [error][Download Tracker]: Unable to get queue from Radarr server: Radar 
2025-08-21T19:39:00.021Z [error][Download Tracker]: Unable to get queue from Sonarr server: Sonarr 
2025-08-21T19:40:00.015Z [debug][Jobs]: Starting scheduled job: Download Sync 
2025-08-21T19:40:00.024Z [error][Download Tracker]: Unable to get queue from Radarr server: Radar 
2025-08-21T19:40:00.026Z [error][Download Tracker]: Unable to get queue from Sonarr server: Sonarr 
2025-08-21T19:40:00.039Z [info][Jobs]: Starting scheduled job: Jellyfin Recently Added Scan 
2025-08-21T19:40:00.039Z [info][Jellyfin Sync]: Jellyfin Sync Starting {"sessionId":"0fcf0004-2d3b-474a-895e-227840d81a2a"}
2025-08-21T19:40:00.050Z [info][Jellyfin Sync]: Beginning to process recently added for library: Movies 
2025-08-21T19:40:00.052Z [error][Jellyfin API]: Something went wrong while getting library content from the Jellyfin server: connect ECONNREFUSED 172.17.0.4:8096 {}
2025-08-21T19:40:00.052Z [error][Jellyfin Sync]: Sync interrupted {"errorMessage":""}
2025-08-21T19:41:00.018Z [debug][Jobs]: Starting scheduled job: Download Sync 
2025-08-21T19:41:00.033Z [error][Download Tracker]: Unable to get queue from Radarr server: Radar 
2025-08-21T19:41:00.037Z [error][Download Tracker]: Unable to get queue from Sonarr server: Sonarr 
2025-08-21T19:42:00.015Z [debug][Jobs]: Starting scheduled job: Download Sync 
2025-08-21T19:42:00.024Z [error][Download Tracker]: Unable to get queue from Radarr server: Radar 
2025-08-21T19:42:00.026Z [error][Download Tracker]: Unable to get queue from Sonarr server: Sonarr 
2025-08-21T19:43:00.011Z [debug][Jobs]: Starting scheduled job: Download Sync 
2025-08-21T19:43:00.016Z [error][Download Tracker]: Unable to get queue from Radarr server: Radar 
2025-08-21T19:43:00.018Z [error][Download Tracker]: Unable to get queue from Sonarr server: Sonarr 
2025-08-21T19:44:00.015Z [debug][Jobs]: Starting scheduled job: Download Sync 
2025-08-21T19:44:00.020Z [error][Download Tracker]: Unable to get queue from Radarr server: Radar 
2025-08-21T19:44:00.021Z [error][Download Tracker]: Unable to get queue from Sonarr server: Sonarr 
2025-08-21T19:45:00.014Z [debug][Jobs]: Starting scheduled job: Download Sync 
2025-08-21T19:45:00.022Z [error][Download Tracker]: Unable to get queue from Radarr server: Radar 
2025-08-21T19:45:00.024Z [error][Download Tracker]: Unable to get queue from Sonarr server: Sonarr 
2025-08-21T19:45:00.028Z [info][Jobs]: Starting scheduled job: Jellyfin Recently Added Scan 
2025-08-21T19:45:00.030Z [info][Jellyfin Sync]: Jellyfin Sync Starting {"sessionId":"fc77968c-bcad-4727-a3b3-c99e13f83366"}
2025-08-21T19:45:00.039Z [info][Jellyfin Sync]: Beginning to process recently added for library: Movies 
2025-08-21T19:45:00.041Z [error][Jellyfin API]: Something went wrong while getting library content from the Jellyfin server: connect ECONNREFUSED 172.17.0.4:8096 {}
2025-08-21T19:45:00.042Z [error][Jellyfin Sync]: Sync interrupted {"errorMessage":""}
2025-08-21T19:46:00.013Z [debug][Jobs]: Starting scheduled job: Download Sync 
2025-08-21T19:46:00.017Z [error][Download Tracker]: Unable to get queue from Radarr server: Radar 
2025-08-21T19:46:00.018Z [error][Download Tracker]: Unable to get queue from Sonarr server: Sonarr 
2025-08-21T19:47:00.003Z [debug][Jobs]: Starting scheduled job: Download Sync 
2025-08-21T19:47:00.008Z [error][Download Tracker]: Unable to get queue from Radarr server: Radar 
2025-08-21T19:47:00.010Z [error][Download Tracker]: Unable to get queue from Sonarr server: Sonarr 
2025-08-21T19:49:54.224Z [info]: Commit Tag: $GIT_SHA 
2025-08-21T19:49:55.500Z [info]: Starting Jellyseerr version 2.7.3 
2025-08-21T19:50:03.924Z [debug][Settings Migrator]: Checking migration '0001_migrate_hostname.js'... 
2025-08-21T19:50:03.976Z [debug][Settings Migrator]: Checking migration '0002_migrate_apitokens.js'... 
2025-08-21T19:50:03.987Z [debug][Settings Migrator]: Checking migration '0003_emby_media_server_type.js'... 
2025-08-21T19:50:03.993Z [debug][Settings Migrator]: Checking migration '0004_migrate_region_setting.js'... 
2025-08-21T19:50:03.996Z [debug][Settings Migrator]: Checking migration '0005_migrate_network_settings.js'... 
2025-08-21T19:50:04.000Z [debug][Settings Migrator]: Checking migration '0006_remove_lunasea.js'... 
2025-08-21T19:50:04.220Z [info][Notifications]: Registered notification agents 
2025-08-21T19:50:04.462Z [info][Jobs]: Scheduled jobs loaded 
2025-08-21T19:50:04.967Z [info][Server]: Server ready on port 5055 
2025-08-21T19:51:00.020Z [debug][Jobs]: Starting scheduled job: Download Sync 
2025-08-21T19:51:00.064Z [error][Download Tracker]: Unable to get queue from Radarr server: Radar 
2025-08-21T19:52:00.011Z [debug][Jobs]: Starting scheduled job: Download Sync 
2025-08-21T19:52:00.014Z [error][Download Tracker]: Unable to get queue from Radarr server: Radar 
2025-08-21T19:53:00.008Z [debug][Jobs]: Starting scheduled job: Download Sync 
2025-08-21T19:53:00.011Z [error][Download Tracker]: Unable to get queue from Radarr server: Radar 
2025-08-21T19:54:00.010Z [debug][Jobs]: Starting scheduled job: Download Sync 
2025-08-21T19:54:00.019Z [error][Download Tracker]: Unable to get queue from Radarr server: Radar 
2025-08-21T19:55:00.002Z [debug][Jobs]: Starting scheduled job: Download Sync 
2025-08-21T19:55:00.006Z [error][Download Tracker]: Unable to get queue from Radarr server: Radar 
2025-08-21T19:55:00.009Z [info][Jobs]: Starting scheduled job: Jellyfin Recently Added Scan 
2025-08-21T19:55:00.014Z [info][Jellyfin Sync]: Jellyfin Sync Starting {"sessionId":"74463a90-c40d-43a5-a855-f08a7b4ac5b6"}
2025-08-21T19:55:00.046Z [info][Jellyfin Sync]: Beginning to process recently added for library: Movies 
2025-08-21T19:55:00.047Z [error][Jellyfin API]: Something went wrong while getting library content from the Jellyfin server: connect ECONNREFUSED 172.17.0.4:8096 {}
2025-08-21T19:55:00.048Z [error][Jellyfin Sync]: Sync interrupted {"errorMessage":""}
2025-08-21T19:56:00.007Z [debug][Jobs]: Starting scheduled job: Download Sync 
2025-08-21T19:56:00.013Z [error][Download Tracker]: Unable to get queue from Radarr server: Radar 
2025-08-21T19:57:00.005Z [debug][Jobs]: Starting scheduled job: Download Sync 
2025-08-21T19:57:00.011Z [error][Download Tracker]: Unable to get queue from Radarr server: Radar 
2025-08-21T19:58:00.006Z [debug][Jobs]: Starting scheduled job: Download Sync 
2025-08-21T19:58:00.014Z [error][Download Tracker]: Unable to get queue from Radarr server: Radar 
2025-08-21T19:59:00.010Z [debug][Jobs]: Starting scheduled job: Download Sync 
2025-08-21T19:59:00.016Z [error][Download Tracker]: Unable to get queue from Radarr server: Radar 
2025-08-21T19:59:53.035Z [debug][API]: Something went wrong retrieving backdrops {"errorMessage":"[TMDB] Failed to fetch all trending: "}
2025-08-21T20:00:00.003Z [debug][Jobs]: Starting scheduled job: Download Sync 
2025-08-21T20:00:00.008Z [error][Download Tracker]: Unable to get queue from Radarr server: Radar 
2025-08-21T20:00:00.013Z [info][Jobs]: Starting scheduled job: Jellyfin Recently Added Scan 
2025-08-21T20:00:00.013Z [info][Jellyfin Sync]: Jellyfin Sync Starting {"sessionId":"163db393-b628-440a-852a-2bd737231127"}
2025-08-21T20:00:00.024Z [info][Jellyfin Sync]: Beginning to process recently added for library: Movies 
2025-08-21T20:00:00.026Z [error][Jellyfin API]: Something went wrong while getting library content from the Jellyfin server: connect ECONNREFUSED 172.17.0.4:8096 {}
2025-08-21T20:00:00.027Z [error][Jellyfin Sync]: Sync interrupted {"errorMessage":""}
2025-08-21T20:01:00.003Z [debug][Jobs]: Starting scheduled job: Download Sync 
2025-08-21T20:01:00.007Z [error][Download Tracker]: Unable to get queue from Radarr server: Radar 
2025-08-21T20:02:00.005Z [debug][Jobs]: Starting scheduled job: Download Sync 
2025-08-21T20:02:00.017Z [error][Download Tracker]: Unable to get queue from Radarr server: Radar 
2025-08-21T20:03:00.008Z [debug][Jobs]: Starting scheduled job: Download Sync 
2025-08-21T20:03:00.011Z [error][Download Tracker]: Unable to get queue from Radarr server: Radar 
2025-08-21T20:04:00.008Z [debug][Jobs]: Starting scheduled job: Download Sync 
2025-08-21T20:04:00.011Z [error][Download Tracker]: Unable to get queue from Radarr server: Radar 
2025-08-21T20:05:00.005Z [debug][Jobs]: Starting scheduled job: Download Sync 
2025-08-21T20:05:00.008Z [error][Download Tracker]: Unable to get queue from Radarr server: Radar 
2025-08-21T20:05:00.011Z [info][Jobs]: Starting scheduled job: Jellyfin Recently Added Scan 
2025-08-21T20:05:00.013Z [info][Jellyfin Sync]: Jellyfin Sync Starting {"sessionId":"5d5e444b-0937-4fdb-a9d2-a8bf287d5687"}
2025-08-21T20:05:00.019Z [info][Jellyfin Sync]: Beginning to process recently added for library: Movies 
2025-08-21T20:05:00.025Z [error][Jellyfin API]: Something went wrong while getting library content from the Jellyfin server: connect ECONNREFUSED 172.17.0.4:8096 {}
2025-08-21T20:05:00.025Z [error][Jellyfin Sync]: Sync interrupted {"errorMessage":""}
2025-08-21T20:06:00.004Z [debug][Jobs]: Starting scheduled job: Download Sync 
2025-08-21T20:06:00.009Z [error][Download Tracker]: Unable to get queue from Radarr server: Radar 
2025-08-21T20:07:00.012Z [debug][Jobs]: Starting scheduled job: Download Sync 
2025-08-21T20:07:00.016Z [error][Download Tracker]: Unable to get queue from Radarr server: Radar 
2025-08-21T20:08:00.011Z [debug][Jobs]: Starting scheduled job: Download Sync 
2025-08-21T20:08:00.029Z [error][Download Tracker]: Unable to get queue from Radarr server: Radar 
2025-08-21T20:09:00.010Z [debug][Jobs]: Starting scheduled job: Download Sync 
2025-08-21T20:09:00.019Z [error][Download Tracker]: Unable to get queue from Radarr server: Radar 
2025-08-21T20:10:00.013Z [debug][Jobs]: Starting scheduled job: Download Sync 
2025-08-21T20:10:00.018Z [error][Download Tracker]: Unable to get queue from Radarr server: Radar 
2025-08-21T20:10:00.023Z [info][Jobs]: Starting scheduled job: Jellyfin Recently Added Scan 
2025-08-21T20:10:00.023Z [info][Jellyfin Sync]: Jellyfin Sync Starting {"sessionId":"10ffb8c7-e4b3-41cf-bd31-afa809a49dc6"}
2025-08-21T20:10:00.034Z [info][Jellyfin Sync]: Beginning to process recently added for library: Movies 
2025-08-21T20:10:00.037Z [error][Jellyfin API]: Something went wrong while getting library content from the Jellyfin server: connect ECONNREFUSED 172.17.0.4:8096 {}
2025-08-21T20:10:00.038Z [error][Jellyfin Sync]: Sync interrupted {"errorMessage":""}
2025-08-21T20:11:00.007Z [debug][Jobs]: Starting scheduled job: Download Sync 
2025-08-21T20:11:00.012Z [error][Download Tracker]: Unable to get queue from Radarr server: Radar 
2025-08-21T20:12:00.002Z [debug][Jobs]: Starting scheduled job: Download Sync 
2025-08-21T20:12:00.005Z [error][Download Tracker]: Unable to get queue from Radarr server: Radar 
2025-08-21T20:13:00.007Z [debug][Jobs]: Starting scheduled job: Download Sync 
2025-08-21T20:13:00.013Z [error][Download Tracker]: Unable to get queue from Radarr server: Radar 
2025-08-21T20:14:00.007Z [debug][Jobs]: Starting scheduled job: Download Sync 
2025-08-21T20:14:00.011Z [error][Download Tracker]: Unable to get queue from Radarr server: Radar 
2025-08-21T20:15:00.003Z [debug][Jobs]: Starting scheduled job: Download Sync 
2025-08-21T20:15:00.008Z [error][Download Tracker]: Unable to get queue from Radarr server: Radar 
2025-08-21T20:15:00.010Z [info][Jobs]: Starting scheduled job: Jellyfin Recently Added Scan 
2025-08-21T20:15:00.011Z [info][Jellyfin Sync]: Jellyfin Sync Starting {"sessionId":"365011ca-dbfe-4cd2-953b-23c7ac3de3db"}
2025-08-21T20:15:00.022Z [info][Jellyfin Sync]: Beginning to process recently added for library: Movies 
2025-08-21T20:15:00.024Z [error][Jellyfin API]: Something went wrong while getting library content from the Jellyfin server: connect ECONNREFUSED 172.17.0.4:8096 {}
2025-08-21T20:15:00.026Z [error][Jellyfin Sync]: Sync interrupted {"errorMessage":""}
2025-08-21T20:16:00.004Z [debug][Jobs]: Starting scheduled job: Download Sync 
2025-08-21T20:16:00.007Z [error][Download Tracker]: Unable to get queue from Radarr server: Radar 
2025-08-21T20:17:00.007Z [debug][Jobs]: Starting scheduled job: Download Sync 
2025-08-21T20:17:00.009Z [error][Download Tracker]: Unable to get queue from Radarr server: Radar 
2025-08-21T20:18:00.007Z [debug][Jobs]: Starting scheduled job: Download Sync 
2025-08-21T20:18:00.011Z [error][Download Tracker]: Unable to get queue from Radarr server: Radar 
2025-08-21T20:19:00.006Z [debug][Jobs]: Starting scheduled job: Download Sync 
2025-08-21T20:19:00.010Z [error][Download Tracker]: Unable to get queue from Radarr server: Radar 
2025-08-21T20:20:00.007Z [debug][Jobs]: Starting scheduled job: Download Sync 
2025-08-21T20:20:00.013Z [error][Download Tracker]: Unable to get queue from Radarr server: Radar 
2025-08-21T20:20:00.015Z [info][Jobs]: Starting scheduled job: Jellyfin Recently Added Scan 
2025-08-21T20:20:00.015Z [info][Jellyfin Sync]: Jellyfin Sync Starting {"sessionId":"49b40ffc-5baa-4749-b562-dc02c0db518c"}
2025-08-21T20:20:00.024Z [info][Jellyfin Sync]: Beginning to process recently added for library: Movies 
2025-08-21T20:20:00.027Z [error][Jellyfin API]: Something went wrong while getting library content from the Jellyfin server: connect ECONNREFUSED 172.17.0.4:8096 {}
2025-08-21T20:20:00.027Z [error][Jellyfin Sync]: Sync interrupted {"errorMessage":""}
2025-08-21T20:21:00.008Z [debug][Jobs]: Starting scheduled job: Download Sync 
2025-08-21T20:21:00.012Z [error][Download Tracker]: Unable to get queue from Radarr server: Radar 
2025-08-21T20:22:00.008Z [debug][Jobs]: Starting scheduled job: Download Sync 
2025-08-21T20:22:00.010Z [error][Download Tracker]: Unable to get queue from Radarr server: Radar 
2025-08-21T20:23:00.003Z [debug][Jobs]: Starting scheduled job: Download Sync 
2025-08-21T20:23:00.005Z [error][Download Tracker]: Unable to get queue from Radarr server: Radar 
2025-08-21T20:24:00.007Z [debug][Jobs]: Starting scheduled job: Download Sync 
2025-08-21T20:24:00.010Z [error][Download Tracker]: Unable to get queue from Radarr server: Radar 
2025-08-21T20:25:00.008Z [debug][Jobs]: Starting scheduled job: Download Sync 
2025-08-21T20:25:00.043Z [error][Download Tracker]: Unable to get queue from Radarr server: Radar 
2025-08-21T20:25:00.048Z [info][Jobs]: Starting scheduled job: Jellyfin Recently Added Scan 
2025-08-21T20:25:00.049Z [info][Jellyfin Sync]: Jellyfin Sync Starting {"sessionId":"529c2d9e-cc64-4b9e-ac17-6d70aeed3260"}
2025-08-21T20:25:00.205Z [info][Jellyfin Sync]: Beginning to process recently added for library: Movies 
2025-08-21T20:25:00.211Z [error][Jellyfin API]: Something went wrong while getting library content from the Jellyfin server: connect ECONNREFUSED 172.17.0.4:8096 {}
2025-08-21T20:25:00.211Z [error][Jellyfin Sync]: Sync interrupted {"errorMessage":""}
2025-08-21T20:26:00.003Z [debug][Jobs]: Starting scheduled job: Download Sync 
2025-08-21T20:26:00.008Z [error][Download Tracker]: Unable to get queue from Radarr server: Radar 
2025-08-21T20:27:00.007Z [debug][Jobs]: Starting scheduled job: Download Sync 
2025-08-21T20:27:00.018Z [error][Download Tracker]: Unable to get queue from Radarr server: Radar 
2025-08-21T20:28:00.007Z [debug][Jobs]: Starting scheduled job: Download Sync 
2025-08-21T20:28:00.021Z [error][Download Tracker]: Unable to get queue from Radarr server: Radar 
2025-08-21T20:28:43.595Z [debug][API]: Something went wrong retrieving backdrops {"errorMessage":"[TMDB] Failed to fetch all trending: "}
2025-08-21T20:29:00.010Z [debug][Jobs]: Starting scheduled job: Download Sync 
2025-08-21T20:29:00.024Z [error][Download Tracker]: Unable to get queue from Radarr server: Radar 
2025-08-21T20:31:32.154Z [info]: Commit Tag: $GIT_SHA 
2025-08-21T20:31:34.372Z [info]: Starting Jellyseerr version 2.7.3 
2025-08-21T20:31:43.472Z [debug][Settings Migrator]: Checking migration '0001_migrate_hostname.js'... 
2025-08-21T20:31:43.484Z [debug][Settings Migrator]: Checking migration '0002_migrate_apitokens.js'... 
2025-08-21T20:31:43.499Z [debug][Settings Migrator]: Checking migration '0003_emby_media_server_type.js'... 
2025-08-21T20:31:43.504Z [debug][Settings Migrator]: Checking migration '0004_migrate_region_setting.js'... 
2025-08-21T20:31:43.509Z [debug][Settings Migrator]: Checking migration '0005_migrate_network_settings.js'... 
2025-08-21T20:31:43.516Z [debug][Settings Migrator]: Checking migration '0006_remove_lunasea.js'... 
2025-08-21T20:31:43.557Z [info][Notifications]: Registered notification agents 
2025-08-21T20:31:43.704Z [info][Jobs]: Scheduled jobs loaded 
2025-08-21T20:31:44.322Z [info][Server]: Server ready on port 5055 
2025-08-21T20:32:00.012Z [debug][Jobs]: Starting scheduled job: Download Sync 
2025-08-21T20:32:00.127Z [error][Download Tracker]: Unable to get queue from Sonarr server: Sonarr 
2025-08-21T20:33:00.105Z [debug][Jobs]: Starting scheduled job: Download Sync 
2025-08-21T20:33:00.154Z [error][Download Tracker]: Unable to get queue from Sonarr server: Sonarr 
2025-08-21T20:34:00.012Z [debug][Jobs]: Starting scheduled job: Download Sync 
2025-08-21T20:34:00.029Z [error][Download Tracker]: Unable to get queue from Sonarr server: Sonarr 
2025-08-21T20:35:00.009Z [debug][Jobs]: Starting scheduled job: Download Sync 
2025-08-21T20:35:00.036Z [error][Download Tracker]: Unable to get queue from Sonarr server: Sonarr 
2025-08-21T20:35:00.112Z [info][Jobs]: Starting scheduled job: Jellyfin Recently Added Scan 
2025-08-21T20:35:00.115Z [info][Jellyfin Sync]: Jellyfin Sync Starting {"sessionId":"5a561a8d-a24b-4292-bc14-0c82bce3ef91"}
2025-08-21T20:35:00.446Z [info][Jellyfin Sync]: Beginning to process recently added for library: Movies 
2025-08-21T20:35:00.465Z [error][Jellyfin API]: Something went wrong while getting library content from the Jellyfin server: connect ECONNREFUSED 172.17.0.4:8096 {}
2025-08-21T20:35:00.466Z [error][Jellyfin Sync]: Sync interrupted {"errorMessage":""}
2025-08-21T20:36:00.013Z [debug][Jobs]: Starting scheduled job: Download Sync 
2025-08-21T20:36:00.028Z [error][Download Tracker]: Unable to get queue from Sonarr server: Sonarr 
2025-08-21T20:37:00.016Z [debug][Jobs]: Starting scheduled job: Download Sync 
2025-08-21T20:37:00.031Z [error][Download Tracker]: Unable to get queue from Sonarr server: Sonarr 
2025-08-21T20:38:00.032Z [debug][Jobs]: Starting scheduled job: Download Sync 
2025-08-21T20:38:00.040Z [error][Download Tracker]: Unable to get queue from Sonarr server: Sonarr 
2025-08-21T20:39:00.014Z [debug][Jobs]: Starting scheduled job: Download Sync 
2025-08-21T20:39:00.030Z [error][Download Tracker]: Unable to get queue from Sonarr server: Sonarr 
2025-08-21T20:40:00.004Z [debug][Jobs]: Starting scheduled job: Download Sync 
2025-08-21T20:40:00.010Z [error][Download Tracker]: Unable to get queue from Sonarr server: Sonarr 
2025-08-21T20:40:00.024Z [info][Jobs]: Starting scheduled job: Jellyfin Recently Added Scan 
2025-08-21T20:40:00.025Z [info][Jellyfin Sync]: Jellyfin Sync Starting {"sessionId":"0856c92b-7780-4518-99cc-e256b878248c"}
2025-08-21T20:40:00.047Z [info][Jellyfin Sync]: Beginning to process recently added for library: Movies 
2025-08-21T20:40:00.051Z [error][Jellyfin API]: Something went wrong while getting library content from the Jellyfin server: connect ECONNREFUSED 172.17.0.4:8096 {}
2025-08-21T20:40:00.052Z [error][Jellyfin Sync]: Sync interrupted {"errorMessage":""}
2025-08-21T20:41:00.001Z [debug][Jobs]: Starting scheduled job: Download Sync 
2025-08-21T20:41:00.010Z [error][Download Tracker]: Unable to get queue from Sonarr server: Sonarr 
2025-08-21T20:42:00.010Z [debug][Jobs]: Starting scheduled job: Download Sync 
2025-08-21T20:42:00.024Z [error][Download Tracker]: Unable to get queue from Sonarr server: Sonarr 
2025-08-21T20:43:00.011Z [debug][Jobs]: Starting scheduled job: Download Sync 
2025-08-21T20:43:00.020Z [error][Download Tracker]: Unable to get queue from Sonarr server: Sonarr 
2025-08-21T20:44:00.021Z [debug][Jobs]: Starting scheduled job: Download Sync 
2025-08-21T20:44:00.027Z [error][Download Tracker]: Unable to get queue from Sonarr server: Sonarr 
2025-08-21T20:45:00.029Z [debug][Jobs]: Starting scheduled job: Download Sync 
2025-08-21T20:45:00.040Z [error][Download Tracker]: Unable to get queue from Sonarr server: Sonarr 
2025-08-21T20:45:00.044Z [info][Jobs]: Starting scheduled job: Jellyfin Recently Added Scan 
2025-08-21T20:45:00.046Z [info][Jellyfin Sync]: Jellyfin Sync Starting {"sessionId":"2c6f7aed-aa0b-445b-8fc3-200a4b3b5f96"}
2025-08-21T20:45:00.063Z [info][Jellyfin Sync]: Beginning to process recently added for library: Movies 
2025-08-21T20:45:00.069Z [error][Jellyfin API]: Something went wrong while getting library content from the Jellyfin server: connect ECONNREFUSED 172.17.0.4:8096 {}
2025-08-21T20:45:00.072Z [error][Jellyfin Sync]: Sync interrupted {"errorMessage":""}
2025-08-21T20:46:00.020Z [debug][Jobs]: Starting scheduled job: Download Sync 
2025-08-21T20:46:00.026Z [error][Download Tracker]: Unable to get queue from Sonarr server: Sonarr 
2025-08-21T20:47:00.003Z [debug][Jobs]: Starting scheduled job: Download Sync 
2025-08-21T20:47:00.007Z [error][Download Tracker]: Unable to get queue from Sonarr server: Sonarr 
2025-08-21T20:48:00.013Z [debug][Jobs]: Starting scheduled job: Download Sync 
2025-08-21T20:48:00.021Z [error][Download Tracker]: Unable to get queue from Sonarr server: Sonarr 
2025-08-21T20:49:00.018Z [debug][Jobs]: Starting scheduled job: Download Sync 
2025-08-21T20:49:00.024Z [error][Download Tracker]: Unable to get queue from Sonarr server: Sonarr 
2025-08-21T20:49:14.380Z [debug][API]: Something went wrong retrieving backdrops {"errorMessage":"[TMDB] Failed to fetch all trending: "}
2025-08-21T20:50:00.021Z [debug][Jobs]: Starting scheduled job: Download Sync 
2025-08-21T20:50:00.034Z [error][Download Tracker]: Unable to get queue from Sonarr server: Sonarr 
2025-08-21T20:50:00.046Z [info][Jobs]: Starting scheduled job: Jellyfin Recently Added Scan 
2025-08-21T20:50:00.051Z [info][Jellyfin Sync]: Jellyfin Sync Starting {"sessionId":"9096c204-ae37-4986-bd2f-05aadaf9d204"}
2025-08-21T20:50:00.081Z [info][Jellyfin Sync]: Beginning to process recently added for library: Movies 
2025-08-21T20:50:00.086Z [error][Jellyfin API]: Something went wrong while getting library content from the Jellyfin server: connect ECONNREFUSED 172.17.0.4:8096 {}
2025-08-21T20:50:00.087Z [error][Jellyfin Sync]: Sync interrupted {"errorMessage":""}
2025-08-21T20:51:00.019Z [debug][Jobs]: Starting scheduled job: Download Sync 
2025-08-21T20:51:00.027Z [error][Download Tracker]: Unable to get queue from Sonarr server: Sonarr 
2025-08-21T20:52:00.017Z [debug][Jobs]: Starting scheduled job: Download Sync 
2025-08-21T20:52:00.026Z [error][Download Tracker]: Unable to get queue from Sonarr server: Sonarr 
2025-08-21T20:53:00.014Z [debug][Jobs]: Starting scheduled job: Download Sync 
2025-08-21T20:53:00.036Z [error][Download Tracker]: Unable to get queue from Sonarr server: Sonarr 
2025-08-21T20:54:00.020Z [debug][Jobs]: Starting scheduled job: Download Sync 
2025-08-21T20:54:00.032Z [error][Download Tracker]: Unable to get queue from Sonarr server: Sonarr 
2025-08-21T20:55:00.041Z [debug][Jobs]: Starting scheduled job: Download Sync 
2025-08-21T20:55:00.047Z [error][Download Tracker]: Unable to get queue from Sonarr server: Sonarr 
2025-08-21T20:55:00.059Z [info][Jobs]: Starting scheduled job: Jellyfin Recently Added Scan 
2025-08-21T20:55:00.077Z [info][Jellyfin Sync]: Jellyfin Sync Starting {"sessionId":"faefad44-fa09-418a-a75f-842f3b0d1d5d"}
2025-08-21T20:55:00.474Z [info][Jellyfin Sync]: Beginning to process recently added for library: Movies 
2025-08-21T20:55:00.478Z [error][Jellyfin API]: Something went wrong while getting library content from the Jellyfin server: connect ECONNREFUSED 172.17.0.4:8096 {}
2025-08-21T20:55:00.478Z [error][Jellyfin Sync]: Sync interrupted {"errorMessage":""}
2025-08-21T20:56:00.015Z [debug][Jobs]: Starting scheduled job: Download Sync 
2025-08-21T20:56:00.022Z [error][Download Tracker]: Unable to get queue from Sonarr server: Sonarr 
2025-08-21T20:57:00.017Z [debug][Jobs]: Starting scheduled job: Download Sync 
2025-08-21T20:57:00.019Z [error][Download Tracker]: Unable to get queue from Sonarr server: Sonarr 
2025-08-21T20:58:00.012Z [debug][Jobs]: Starting scheduled job: Download Sync 
2025-08-21T20:58:00.020Z [error][Download Tracker]: Unable to get queue from Sonarr server: Sonarr 
2025-08-21T20:59:00.013Z [debug][Jobs]: Starting scheduled job: Download Sync 
2025-08-21T20:59:00.019Z [error][Download Tracker]: Unable to get queue from Sonarr server: Sonarr 
2025-08-21T21:00:00.017Z [debug][Jobs]: Starting scheduled job: Download Sync 
2025-08-21T21:00:00.025Z [error][Download Tracker]: Unable to get queue from Sonarr server: Sonarr 
2025-08-21T21:00:00.028Z [info][Jobs]: Starting scheduled job: Jellyfin Recently Added Scan 
2025-08-21T21:00:00.028Z [info][Jellyfin Sync]: Jellyfin Sync Starting {"sessionId":"347f6b1b-11de-4219-af30-28d7ab65d5f9"}
2025-08-21T21:00:00.047Z [info][Jellyfin Sync]: Beginning to process recently added for library: Movies 
2025-08-21T21:00:00.052Z [error][Jellyfin API]: Something went wrong while getting library content from the Jellyfin server: connect ECONNREFUSED 172.17.0.4:8096 {}
2025-08-21T21:00:00.054Z [error][Jellyfin Sync]: Sync interrupted {"errorMessage":""}
2025-08-21T21:01:00.014Z [debug][Jobs]: Starting scheduled job: Download Sync 
2025-08-21T21:01:00.018Z [error][Download Tracker]: Unable to get queue from Sonarr server: Sonarr 
2025-08-21T21:02:00.009Z [debug][Jobs]: Starting scheduled job: Download Sync 
2025-08-21T21:02:00.013Z [error][Download Tracker]: Unable to get queue from Sonarr server: Sonarr 
2025-08-21T21:03:00.016Z [debug][Jobs]: Starting scheduled job: Download Sync 
2025-08-21T21:03:00.026Z [error][Download Tracker]: Unable to get queue from Sonarr server: Sonarr 
